#
# There is insufficient memory for the Java Runtime Environment to continue.
# Native memory allocation (malloc) failed to allocate 1848816 bytes for Chunk::new
# Possible reasons:
#   The system is out of physical RAM or swap space
#   The process is running with CompressedOops enabled, and the Java Heap may be blocking the growth of the native heap
# Possible solutions:
#   Reduce memory load on the system
#   Increase physical memory or swap space
#   Check if swap backing store is full
#   Decrease Java heap size (-Xmx/-Xms)
#   Decrease number of Java threads
#   Decrease Java thread stack sizes (-Xss)
#   Set larger code cache with -XX:ReservedCodeCacheSize=
#   JVM is running with Unscaled Compressed Oops mode in which the Java heap is
#     placed in the first 4GB address space. The Java Heap base address is the
#     maximum limit for the native heap growth. Please use -XX:HeapBaseMinAddress
#     to set the Java Heap base and to place the Java Heap above 4GB virtual address.
# This output file may be truncated or incomplete.
#
#  Out of Memory Error (./src/hotspot/share/memory/arena.cpp:197), pid=33940, tid=27812
#
# JRE version: OpenJDK Runtime Environment (11.0.10) (build 11.0.10+0-b96-7249189)
# Java VM: OpenJDK 64-Bit Server VM (11.0.10+0-b96-7249189, mixed mode, tiered, compressed oops, g1 gc, windows-amd64)
# No core dump will be written. Minidumps are not enabled by default on client versions of Windows
#

---------------  S U M M A R Y ------------

Command Line: --add-opens=java.base/java.util=ALL-UNNAMED --add-opens=java.base/java.lang=ALL-UNNAMED --add-opens=java.base/java.lang.invoke=ALL-UNNAMED --add-opens=java.base/java.util=ALL-UNNAMED --add-opens=java.prefs/java.util.prefs=ALL-UNNAMED --add-opens=java.prefs/java.util.prefs=ALL-UNNAMED --add-opens=java.base/java.nio.charset=ALL-UNNAMED --add-opens=java.base/java.net=ALL-UNNAMED --add-opens=java.base/java.util.concurrent.atomic=ALL-UNNAMED -Xmx2048m -Dfile.encoding=UTF-8 -Duser.country=US -Duser.language=en -Duser.variant org.gradle.launcher.daemon.bootstrap.GradleDaemon 7.0.2

Host: Intel(R) Core(TM) i7-8750H CPU @ 2.20GHz, 12 cores, 15G,  Windows 10 , 64 bit Build 22000 (10.0.22000.434)
Time: Sat Jan 29 01:18:38 2022 Eastern Standard Time elapsed time: 14.335444 seconds (0d 0h 0m 14s)

---------------  T H R E A D  ---------------

Current thread (0x000001feb71bd000):  JavaThread "C2 CompilerThread1" daemon [_thread_in_native, id=27812, stack(0x000000b9ce300000,0x000000b9ce400000)]


Current CompileTask:
C2:  14335 6983 %     4       org.gradle.internal.instantiation.generator.AbstractClassGenerator::inspectType @ 77 (560 bytes)

Stack: [0x000000b9ce300000,0x000000b9ce400000]
Native frames: (J=compiled Java code, j=interpreted, Vv=VM code, C=native code)
V  [jvm.dll+0x5ecfaa]
V  [jvm.dll+0x722bd5]
V  [jvm.dll+0x72412d]
V  [jvm.dll+0x7247e3]
V  [jvm.dll+0x242928]
V  [jvm.dll+0xbc4fc]
V  [jvm.dll+0xbca0c]
V  [jvm.dll+0x352d7d]
V  [jvm.dll+0x320ad3]
V  [jvm.dll+0x31ffca]
V  [jvm.dll+0x1fb602]
V  [jvm.dll+0x1fa7f4]
V  [jvm.dll+0x18354c]
V  [jvm.dll+0x208ee7]
V  [jvm.dll+0x207731]
V  [jvm.dll+0x6eb1cf]
V  [jvm.dll+0x6e3d45]
V  [jvm.dll+0x5ebe96]
C  [ucrtbase.dll+0x26c0c]
C  [KERNEL32.DLL+0x154e0]
C  [ntdll.dll+0x485b]


---------------  P R O C E S S  ---------------

Threads class SMR info:
_java_thread_list=0x000001febb536f60, length=60, elements={
0x000001fe96ea3800, 0x000001feb3f8e800, 0x000001feb3f91800, 0x000001feb3fee800,
0x000001feb3fef800, 0x000001feb3ff1800, 0x000001feb3ff4000, 0x000001feb3ffa000,
0x000001feb4006000, 0x000001feb4158000, 0x000001feb6131800, 0x000001feb5341000,
0x000001feb539c800, 0x000001feb776b000, 0x000001feb701d000, 0x000001feb5035000,
0x000001feb697c800, 0x000001feb64fd000, 0x000001feb6502000, 0x000001feb64ff800,
0x000001feb6503000, 0x000001feb6503800, 0x000001feb6500800, 0x000001feb71bd000,
0x000001feb6501000, 0x000001feb64fe000, 0x000001feb64fe800, 0x000001feb7b0c800,
0x000001feb7b09800, 0x000001feb7b0b800, 0x000001feb7b0d800, 0x000001feb7b0e000,
0x000001feb7b0f000, 0x000001feb7b10000, 0x000001feb7b0b000, 0x000001feb7b14000,
0x000001feb7b15800, 0x000001feb7b11800, 0x000001feb7b16800, 0x000001feb7b12000,
0x000001feb7b17000, 0x000001feb7b13000, 0x000001feb7b14800, 0x000001feb75eb000,
0x000001feb75ea800, 0x000001feb75f1800, 0x000001feb75ec000, 0x000001feb75ed800,
0x000001feb75f2800, 0x000001feb75ec800, 0x000001feb75ef000, 0x000001feb75f0000,
0x000001feb75f1000, 0x000001feb75f3800, 0x000001feb75f4000, 0x000001feb75ee800,
0x000001feb75f8000, 0x000001feb75f5000, 0x000001febb6c5000, 0x000001feb75f6800
}

Java Threads: ( => current thread )
  0x000001fe96ea3800 JavaThread "main" [_thread_blocked, id=25472, stack(0x000000b9cba00000,0x000000b9cbb00000)]
  0x000001feb3f8e800 JavaThread "Reference Handler" daemon [_thread_blocked, id=31436, stack(0x000000b9cc100000,0x000000b9cc200000)]
  0x000001feb3f91800 JavaThread "Finalizer" daemon [_thread_blocked, id=25436, stack(0x000000b9cc200000,0x000000b9cc300000)]
  0x000001feb3fee800 JavaThread "Signal Dispatcher" daemon [_thread_blocked, id=27928, stack(0x000000b9cc300000,0x000000b9cc400000)]
  0x000001feb3fef800 JavaThread "Attach Listener" daemon [_thread_blocked, id=14368, stack(0x000000b9cc400000,0x000000b9cc500000)]
  0x000001feb3ff1800 JavaThread "Service Thread" daemon [_thread_blocked, id=37676, stack(0x000000b9cc500000,0x000000b9cc600000)]
  0x000001feb3ff4000 JavaThread "C2 CompilerThread0" daemon [_thread_in_native, id=28816, stack(0x000000b9cc600000,0x000000b9cc700000)]
  0x000001feb3ffa000 JavaThread "C1 CompilerThread0" daemon [_thread_in_vm, id=9688, stack(0x000000b9cc700000,0x000000b9cc800000)]
  0x000001feb4006000 JavaThread "Sweeper thread" daemon [_thread_blocked, id=14744, stack(0x000000b9cc800000,0x000000b9cc900000)]
  0x000001feb4158000 JavaThread "Common-Cleaner" daemon [_thread_blocked, id=8632, stack(0x000000b9cc900000,0x000000b9cca00000)]
  0x000001feb6131800 JavaThread "Daemon health stats" [_thread_blocked, id=36540, stack(0x000000b9cd200000,0x000000b9cd300000)]
  0x000001feb5341000 JavaThread "Incoming local TCP Connector on port 54415" [_thread_in_native, id=39164, stack(0x000000b9ccb00000,0x000000b9ccc00000)]
  0x000001feb539c800 JavaThread "Daemon periodic checks" [_thread_blocked, id=22776, stack(0x000000b9cd100000,0x000000b9cd200000)]
  0x000001feb776b000 JavaThread "Daemon" [_thread_blocked, id=35344, stack(0x000000b9cd300000,0x000000b9cd400000)]
  0x000001feb701d000 JavaThread "Handler for socket connection from /127.0.0.1:54415 to /127.0.0.1:54416" [_thread_in_native, id=10448, stack(0x000000b9cd400000,0x000000b9cd500000)]
  0x000001feb5035000 JavaThread "Cancel handler" [_thread_blocked, id=39200, stack(0x000000b9cd500000,0x000000b9cd600000)]
  0x000001feb697c800 JavaThread "Daemon worker" [_thread_in_Java, id=38308, stack(0x000000b9cd600000,0x000000b9cd700000)]
  0x000001feb64fd000 JavaThread "Asynchronous log dispatcher for DefaultDaemonConnection: socket connection from /127.0.0.1:54415 to /127.0.0.1:54416" [_thread_blocked, id=27844, stack(0x000000b9cd700000,0x000000b9cd800000)]
  0x000001feb6502000 JavaThread "Stdin handler" [_thread_blocked, id=38892, stack(0x000000b9cd800000,0x000000b9cd900000)]
  0x000001feb64ff800 JavaThread "Daemon client event forwarder" [_thread_blocked, id=37600, stack(0x000000b9cd900000,0x000000b9cda00000)]
  0x000001feb6503000 JavaThread "Cache worker for file hash cache (C:\Users\spabb\.gradle\caches\7.0.2\fileHashes)" [_thread_blocked, id=18984, stack(0x000000b9cda00000,0x000000b9cdb00000)]
  0x000001feb6503800 JavaThread "File lock request listener" [_thread_in_native, id=17092, stack(0x000000b9cdb00000,0x000000b9cdc00000)]
  0x000001feb6500800 JavaThread "Cache worker for journal cache (C:\Users\spabb\.gradle\caches\journal-1)" [_thread_blocked, id=36280, stack(0x000000b9ce200000,0x000000b9ce300000)]
=>0x000001feb71bd000 JavaThread "C2 CompilerThread1" daemon [_thread_in_native, id=27812, stack(0x000000b9ce300000,0x000000b9ce400000)]
  0x000001feb6501000 JavaThread "Cache worker for file hash cache (C:\Users\spabb\AndroidStudioProjects\weather\.gradle\7.0.2\fileHashes)" [_thread_blocked, id=36256, stack(0x000000b9ce500000,0x000000b9ce600000)]
  0x000001feb64fe000 JavaThread "File watcher server" daemon [_thread_in_native, id=13696, stack(0x000000b9ce600000,0x000000b9ce700000)]
  0x000001feb64fe800 JavaThread "File watcher consumer" daemon [_thread_blocked, id=20624, stack(0x000000b9ce700000,0x000000b9ce800000)]
  0x000001feb7b0c800 JavaThread "Cache worker for checksums cache (C:\Users\spabb\AndroidStudioProjects\weather\.gradle\checksums)" [_thread_blocked, id=23400, stack(0x000000b9ce800000,0x000000b9ce900000)]
  0x000001feb7b09800 JavaThread "Cache worker for cache directory md-supplier (C:\Users\spabb\.gradle\caches\7.0.2\md-supplier)" [_thread_blocked, id=34464, stack(0x000000b9ce900000,0x000000b9cea00000)]
  0x000001feb7b0b800 JavaThread "Cache worker for cache directory md-rule (C:\Users\spabb\.gradle\caches\7.0.2\md-rule)" [_thread_blocked, id=25488, stack(0x000000b9cea00000,0x000000b9ceb00000)]
  0x000001feb7b0d800 JavaThread "Cache worker for execution history cache (C:\Users\spabb\.gradle\caches\7.0.2\executionHistory)" [_thread_blocked, id=17312, stack(0x000000b9ceb00000,0x000000b9cec00000)]
  0x000001feb7b0e000 JavaThread "jar transforms" [_thread_blocked, id=36748, stack(0x000000b9cec00000,0x000000b9ced00000)]
  0x000001feb7b0f000 JavaThread "jar transforms Thread 2" [_thread_blocked, id=35384, stack(0x000000b9ced00000,0x000000b9cee00000)]
  0x000001feb7b10000 JavaThread "Cache worker for file content cache (C:\Users\spabb\.gradle\caches\7.0.2\fileContent)" [_thread_blocked, id=35000, stack(0x000000b9cee00000,0x000000b9cef00000)]
  0x000001feb7b0b000 JavaThread "Cache worker for dependencies-accessors (C:\Users\spabb\AndroidStudioProjects\weather\.gradle\7.0.2\dependencies-accessors)" [_thread_blocked, id=28520, stack(0x000000b9cef00000,0x000000b9cf000000)]
  0x000001feb7b14000 JavaThread "jar transforms Thread 3" [_thread_blocked, id=34032, stack(0x000000b9cf000000,0x000000b9cf100000)]
  0x000001feb7b15800 JavaThread "Cache worker for Build Output Cleanup Cache (C:\Users\spabb\AndroidStudioProjects\weather\.gradle\buildOutputCleanup)" [_thread_blocked, id=15204, stack(0x000000b9cf100000,0x000000b9cf200000)]
  0x000001feb7b11800 JavaThread "Build operations" [_thread_blocked, id=32256, stack(0x000000b9cf200000,0x000000b9cf300000)]
  0x000001feb7b16800 JavaThread "Build operations Thread 2" [_thread_blocked, id=13000, stack(0x000000b9cf300000,0x000000b9cf400000)]
  0x000001feb7b12000 JavaThread "Build operations Thread 3" [_thread_blocked, id=13172, stack(0x000000b9cf400000,0x000000b9cf500000)]
  0x000001feb7b17000 JavaThread "Build operations Thread 4" [_thread_blocked, id=34076, stack(0x000000b9cf500000,0x000000b9cf600000)]
  0x000001feb7b13000 JavaThread "Build operations Thread 5" [_thread_blocked, id=38080, stack(0x000000b9cf600000,0x000000b9cf700000)]
  0x000001feb7b14800 JavaThread "Build operations Thread 6" [_thread_blocked, id=344, stack(0x000000b9cf700000,0x000000b9cf800000)]
  0x000001feb75eb000 JavaThread "Build operations Thread 7" [_thread_blocked, id=36252, stack(0x000000b9cf800000,0x000000b9cf900000)]
  0x000001feb75ea800 JavaThread "Build operations Thread 8" [_thread_blocked, id=32856, stack(0x000000b9cf900000,0x000000b9cfa00000)]
  0x000001feb75f1800 JavaThread "Build operations Thread 9" [_thread_blocked, id=29284, stack(0x000000b9cfa00000,0x000000b9cfb00000)]
  0x000001feb75ec000 JavaThread "Build operations Thread 10" [_thread_blocked, id=14532, stack(0x000000b9cfb00000,0x000000b9cfc00000)]
  0x000001feb75ed800 JavaThread "Build operations Thread 11" [_thread_blocked, id=20112, stack(0x000000b9cfc00000,0x000000b9cfd00000)]
  0x000001feb75f2800 JavaThread "Build operations Thread 12" [_thread_blocked, id=34064, stack(0x000000b9cfd00000,0x000000b9cfe00000)]
  0x000001feb75ec800 JavaThread "jar transforms Thread 4" [_thread_blocked, id=37324, stack(0x000000b9cfe00000,0x000000b9cff00000)]
  0x000001feb75ef000 JavaThread "jar transforms Thread 5" [_thread_blocked, id=15416, stack(0x000000b9cff00000,0x000000b9d0000000)]
  0x000001feb75f0000 JavaThread "jar transforms Thread 6" [_thread_blocked, id=29784, stack(0x000000b9d0000000,0x000000b9d0100000)]
  0x000001feb75f1000 JavaThread "jar transforms Thread 7" [_thread_blocked, id=13516, stack(0x000000b9d0100000,0x000000b9d0200000)]
  0x000001feb75f3800 JavaThread "jar transforms Thread 8" [_thread_blocked, id=27792, stack(0x000000b9d0200000,0x000000b9d0300000)]
  0x000001feb75f4000 JavaThread "jar transforms Thread 9" [_thread_blocked, id=24132, stack(0x000000b9d0300000,0x000000b9d0400000)]
  0x000001feb75ee800 JavaThread "jar transforms Thread 10" [_thread_blocked, id=38732, stack(0x000000b9d0400000,0x000000b9d0500000)]
  0x000001feb75f8000 JavaThread "jar transforms Thread 11" [_thread_blocked, id=11564, stack(0x000000b9d0500000,0x000000b9d0600000)]
  0x000001feb75f5000 JavaThread "jar transforms Thread 12" [_thread_blocked, id=30380, stack(0x000000b9d0600000,0x000000b9d0700000)]
  0x000001febb6c5000 JavaThread "C2 CompilerThread2" daemon [_thread_in_native, id=9128, stack(0x000000b9ce400000,0x000000b9ce500000)]
  0x000001feb75f6800 JavaThread "Memory manager" [_thread_blocked, id=35604, stack(0x000000b9d0700000,0x000000b9d0800000)]

Other Threads:
  0x000001feb3f8b800 VMThread "VM Thread" [stack: 0x000000b9cc000000,0x000000b9cc100000] [id=11440]
  0x000001feb417f800 WatcherThread [stack: 0x000000b9cca00000,0x000000b9ccb00000] [id=29768]
  0x000001fe96ebb000 GCTaskThread "GC Thread#0" [stack: 0x000000b9cbb00000,0x000000b9cbc00000] [id=25024]
  0x000001feb4ce4800 GCTaskThread "GC Thread#1" [stack: 0x000000b9ccc00000,0x000000b9ccd00000] [id=13100]
  0x000001feb4b03800 GCTaskThread "GC Thread#2" [stack: 0x000000b9ccd00000,0x000000b9cce00000] [id=2708]
  0x000001feb467c800 GCTaskThread "GC Thread#3" [stack: 0x000000b9cce00000,0x000000b9ccf00000] [id=38096]
  0x000001feb5017800 GCTaskThread "GC Thread#4" [stack: 0x000000b9ccf00000,0x000000b9cd000000] [id=21148]
  0x000001feb4cdf800 GCTaskThread "GC Thread#5" [stack: 0x000000b9cd000000,0x000000b9cd100000] [id=8028]
  0x000001feb654f800 GCTaskThread "GC Thread#6" [stack: 0x000000b9cdc00000,0x000000b9cdd00000] [id=6068]
  0x000001feb6554000 GCTaskThread "GC Thread#7" [stack: 0x000000b9cdd00000,0x000000b9cde00000] [id=22736]
  0x000001feb68a9800 GCTaskThread "GC Thread#8" [stack: 0x000000b9cde00000,0x000000b9cdf00000] [id=20780]
  0x000001feb668a000 GCTaskThread "GC Thread#9" [stack: 0x000000b9cdf00000,0x000000b9ce000000] [id=8568]
  0x000001fe96ef0800 ConcurrentGCThread "G1 Main Marker" [stack: 0x000000b9cbc00000,0x000000b9cbd00000] [id=21380]
  0x000001fe96ef1800 ConcurrentGCThread "G1 Conc#0" [stack: 0x000000b9cbd00000,0x000000b9cbe00000] [id=36268]
  0x000001feb612e800 ConcurrentGCThread "G1 Conc#1" [stack: 0x000000b9ce000000,0x000000b9ce100000] [id=16584]
  0x000001feb5b61800 ConcurrentGCThread "G1 Conc#2" [stack: 0x000000b9ce100000,0x000000b9ce200000] [id=11432]
  0x000001feb35d8800 ConcurrentGCThread "G1 Refine#0" [stack: 0x000000b9cbe00000,0x000000b9cbf00000] [id=31328]
  0x000001feb35d9000 ConcurrentGCThread "G1 Young RemSet Sampling" [stack: 0x000000b9cbf00000,0x000000b9cc000000] [id=32220]

Threads with active compile tasks:
C2 CompilerThread0  14387 7020       4       org.gradle.internal.reflect.ClassInspector::inspectClass (179 bytes)
C2 CompilerThread1  14387 6983 %     4       org.gradle.internal.instantiation.generator.AbstractClassGenerator::inspectType @ 77 (560 bytes)
C2 CompilerThread2  14387 7050       4       java.lang.Class::getTypeParameters (19 bytes)

VM state:not at safepoint (normal execution)

VM Mutex/Monitor currently owned by a thread: None

Heap address: 0x0000000080000000, size: 2048 MB, Compressed Oops mode: 32-bit
Narrow klass base: 0x0000000000000000, Narrow klass shift: 3
Compressed class space size: 1073741824 Address: 0x0000000100000000

Heap:
 garbage-first heap   total 260096K, used 102680K [0x0000000080000000, 0x0000000100000000)
  region size 1024K, 60 young (61440K), 12 survivors (12288K)
 Metaspace       used 75707K, capacity 77568K, committed 77824K, reserved 1116160K
  class space    used 9880K, capacity 10555K, committed 10572K, reserved 1048576K
Heap Regions: E=young(eden), S=young(survivor), O=old, HS=humongous(starts), HC=humongous(continues), CS=collection set, F=free, A=archive, TAMS=top-at-mark-start (previous, next)
|   0|0x0000000080000000, 0x0000000080100000, 0x0000000080100000|100%| O|  |TAMS 0x0000000080100000, 0x0000000080000000| Untracked 
|   1|0x0000000080100000, 0x0000000080200000, 0x0000000080200000|100%| O|  |TAMS 0x0000000080200000, 0x0000000080100000| Untracked 
|   2|0x0000000080200000, 0x0000000080300000, 0x0000000080300000|100%| O|  |TAMS 0x0000000080300000, 0x0000000080200000| Untracked 
|   3|0x0000000080300000, 0x0000000080400000, 0x0000000080400000|100%|HS|  |TAMS 0x0000000080400000, 0x0000000080300000| Complete 
|   4|0x0000000080400000, 0x0000000080500000, 0x0000000080500000|100%|HC|  |TAMS 0x0000000080500000, 0x0000000080400000| Complete 
|   5|0x0000000080500000, 0x0000000080600000, 0x0000000080600000|100%|HC|  |TAMS 0x0000000080600000, 0x0000000080500000| Complete 
|   6|0x0000000080600000, 0x0000000080700000, 0x0000000080700000|100%| O|  |TAMS 0x0000000080700000, 0x0000000080600000| Untracked 
|   7|0x0000000080700000, 0x0000000080800000, 0x0000000080800000|100%| O|  |TAMS 0x0000000080800000, 0x0000000080700000| Untracked 
|   8|0x0000000080800000, 0x0000000080900000, 0x0000000080900000|100%| O|  |TAMS 0x0000000080900000, 0x0000000080800000| Untracked 
|   9|0x0000000080900000, 0x0000000080a00000, 0x0000000080a00000|100%| O|  |TAMS 0x0000000080a00000, 0x0000000080900000| Untracked 
|  10|0x0000000080a00000, 0x0000000080b00000, 0x0000000080b00000|100%| O|  |TAMS 0x0000000080b00000, 0x0000000080a00000| Untracked 
|  11|0x0000000080b00000, 0x0000000080c00000, 0x0000000080c00000|100%| O|  |TAMS 0x0000000080c00000, 0x0000000080b00000| Untracked 
|  12|0x0000000080c00000, 0x0000000080d00000, 0x0000000080d00000|100%| O|  |TAMS 0x0000000080d00000, 0x0000000080c00000| Untracked 
|  13|0x0000000080d00000, 0x0000000080e00000, 0x0000000080e00000|100%| O|  |TAMS 0x0000000080e00000, 0x0000000080d00000| Untracked 
|  14|0x0000000080e00000, 0x0000000080f00000, 0x0000000080f00000|100%| O|  |TAMS 0x0000000080f00000, 0x0000000080e00000| Untracked 
|  15|0x0000000080f00000, 0x0000000081000000, 0x0000000081000000|100%| O|  |TAMS 0x0000000081000000, 0x0000000080f00000| Untracked 
|  16|0x0000000081000000, 0x0000000081100000, 0x0000000081100000|100%|HS|  |TAMS 0x0000000081100000, 0x0000000081000000| Complete 
|  17|0x0000000081100000, 0x0000000081200000, 0x0000000081200000|100%|HS|  |TAMS 0x0000000081200000, 0x0000000081100000| Complete 
|  18|0x0000000081200000, 0x0000000081300000, 0x0000000081300000|100%|HS|  |TAMS 0x0000000081300000, 0x0000000081200000| Complete 
|  19|0x0000000081300000, 0x0000000081400000, 0x0000000081400000|100%|HC|  |TAMS 0x0000000081400000, 0x0000000081300000| Complete 
|  20|0x0000000081400000, 0x0000000081500000, 0x0000000081500000|100%| O|  |TAMS 0x0000000081500000, 0x0000000081400000| Untracked 
|  21|0x0000000081500000, 0x0000000081600000, 0x0000000081600000|100%| O|  |TAMS 0x0000000081600000, 0x0000000081500000| Untracked 
|  22|0x0000000081600000, 0x0000000081700000, 0x0000000081700000|100%| O|  |TAMS 0x0000000081700000, 0x0000000081600000| Untracked 
|  23|0x0000000081700000, 0x0000000081800000, 0x0000000081800000|100%| O|  |TAMS 0x00000000817ed400, 0x0000000081700000| Untracked 
|  24|0x0000000081800000, 0x0000000081800000, 0x0000000081900000|  0%| F|  |TAMS 0x0000000081800000, 0x0000000081800000| Untracked 
|  25|0x0000000081900000, 0x0000000081a00000, 0x0000000081a00000|100%| O|  |TAMS 0x0000000081900000, 0x0000000081900000| Untracked 
|  26|0x0000000081a00000, 0x0000000081b00000, 0x0000000081b00000|100%| O|  |TAMS 0x0000000081a00000, 0x0000000081a00000| Untracked 
|  27|0x0000000081b00000, 0x0000000081c00000, 0x0000000081c00000|100%| O|  |TAMS 0x0000000081b00000, 0x0000000081b00000| Untracked 
|  28|0x0000000081c00000, 0x0000000081d00000, 0x0000000081d00000|100%| O|  |TAMS 0x0000000081c00000, 0x0000000081c00000| Untracked 
|  29|0x0000000081d00000, 0x0000000081e00000, 0x0000000081e00000|100%| O|  |TAMS 0x0000000081d00000, 0x0000000081d00000| Untracked 
|  30|0x0000000081e00000, 0x0000000081f00000, 0x0000000081f00000|100%| O|  |TAMS 0x0000000081e00000, 0x0000000081e00000| Untracked 
|  31|0x0000000081f00000, 0x0000000082000000, 0x0000000082000000|100%| O|  |TAMS 0x0000000081f00000, 0x0000000081f00000| Untracked 
|  32|0x0000000082000000, 0x0000000082100000, 0x0000000082100000|100%| O|  |TAMS 0x0000000082000000, 0x0000000082000000| Untracked 
|  33|0x0000000082100000, 0x0000000082200000, 0x0000000082200000|100%| O|  |TAMS 0x0000000082100000, 0x0000000082100000| Untracked 
|  34|0x0000000082200000, 0x0000000082300000, 0x0000000082300000|100%| O|  |TAMS 0x0000000082200000, 0x0000000082200000| Untracked 
|  35|0x0000000082300000, 0x0000000082400000, 0x0000000082400000|100%| O|  |TAMS 0x0000000082300000, 0x0000000082300000| Untracked 
|  36|0x0000000082400000, 0x0000000082500000, 0x0000000082500000|100%| O|  |TAMS 0x0000000082400000, 0x0000000082400000| Untracked 
|  37|0x0000000082500000, 0x0000000082600000, 0x0000000082600000|100%| O|  |TAMS 0x0000000082500000, 0x0000000082500000| Untracked 
|  38|0x0000000082600000, 0x0000000082700000, 0x0000000082700000|100%| O|  |TAMS 0x0000000082600000, 0x0000000082600000| Untracked 
|  39|0x0000000082700000, 0x0000000082800000, 0x0000000082800000|100%| O|  |TAMS 0x0000000082700000, 0x0000000082700000| Untracked 
|  40|0x0000000082800000, 0x0000000082900000, 0x0000000082900000|100%| O|  |TAMS 0x0000000082800000, 0x0000000082800000| Untracked 
|  41|0x0000000082900000, 0x0000000082a00000, 0x0000000082a00000|100%| O|  |TAMS 0x0000000082900000, 0x0000000082900000| Untracked 
|  42|0x0000000082a00000, 0x0000000082b00000, 0x0000000082b00000|100%| O|  |TAMS 0x0000000082a00000, 0x0000000082a00000| Untracked 
|  43|0x0000000082b00000, 0x0000000082b00000, 0x0000000082c00000|  0%| F|  |TAMS 0x0000000082b00000, 0x0000000082b00000| Untracked 
|  44|0x0000000082c00000, 0x0000000082c00000, 0x0000000082d00000|  0%| F|  |TAMS 0x0000000082c00000, 0x0000000082c00000| Untracked 
|  45|0x0000000082d00000, 0x0000000082d00000, 0x0000000082e00000|  0%| F|  |TAMS 0x0000000082d00000, 0x0000000082d00000| Untracked 
|  46|0x0000000082e00000, 0x0000000082e00000, 0x0000000082f00000|  0%| F|  |TAMS 0x0000000082e00000, 0x0000000082e00000| Untracked 
|  47|0x0000000082f00000, 0x0000000082f00000, 0x0000000083000000|  0%| F|  |TAMS 0x0000000082f00000, 0x0000000082f00000| Untracked 
|  48|0x0000000083000000, 0x0000000083000000, 0x0000000083100000|  0%| F|  |TAMS 0x0000000083000000, 0x0000000083000000| Untracked 
|  49|0x0000000083100000, 0x0000000083100000, 0x0000000083200000|  0%| F|  |TAMS 0x0000000083100000, 0x0000000083100000| Untracked 
|  50|0x0000000083200000, 0x0000000083200000, 0x0000000083300000|  0%| F|  |TAMS 0x0000000083200000, 0x0000000083200000| Untracked 
|  51|0x0000000083300000, 0x0000000083300000, 0x0000000083400000|  0%| F|  |TAMS 0x0000000083300000, 0x0000000083300000| Untracked 
|  52|0x0000000083400000, 0x0000000083400000, 0x0000000083500000|  0%| F|  |TAMS 0x0000000083400000, 0x0000000083400000| Untracked 
|  53|0x0000000083500000, 0x0000000083500000, 0x0000000083600000|  0%| F|  |TAMS 0x0000000083500000, 0x0000000083500000| Untracked 
|  54|0x0000000083600000, 0x0000000083600000, 0x0000000083700000|  0%| F|  |TAMS 0x0000000083600000, 0x0000000083600000| Untracked 
|  55|0x0000000083700000, 0x0000000083700000, 0x0000000083800000|  0%| F|  |TAMS 0x0000000083700000, 0x0000000083700000| Untracked 
|  56|0x0000000083800000, 0x0000000083800000, 0x0000000083900000|  0%| F|  |TAMS 0x0000000083800000, 0x0000000083800000| Untracked 
|  57|0x0000000083900000, 0x0000000083900000, 0x0000000083a00000|  0%| F|  |TAMS 0x0000000083900000, 0x0000000083900000| Untracked 
|  58|0x0000000083a00000, 0x0000000083a00000, 0x0000000083b00000|  0%| F|  |TAMS 0x0000000083a00000, 0x0000000083a00000| Untracked 
|  59|0x0000000083b00000, 0x0000000083b00000, 0x0000000083c00000|  0%| F|  |TAMS 0x0000000083b00000, 0x0000000083b00000| Untracked 
|  60|0x0000000083c00000, 0x0000000083c00000, 0x0000000083d00000|  0%| F|  |TAMS 0x0000000083c00000, 0x0000000083c00000| Untracked 
|  61|0x0000000083d00000, 0x0000000083d00000, 0x0000000083e00000|  0%| F|  |TAMS 0x0000000083d00000, 0x0000000083d00000| Untracked 
|  62|0x0000000083e00000, 0x0000000083e00000, 0x0000000083f00000|  0%| F|  |TAMS 0x0000000083e00000, 0x0000000083e00000| Untracked 
|  63|0x0000000083f00000, 0x0000000083f00000, 0x0000000084000000|  0%| F|  |TAMS 0x0000000083f00000, 0x0000000083f00000| Untracked 
|  64|0x0000000084000000, 0x0000000084000000, 0x0000000084100000|  0%| F|  |TAMS 0x0000000084000000, 0x0000000084000000| Untracked 
|  65|0x0000000084100000, 0x0000000084100000, 0x0000000084200000|  0%| F|  |TAMS 0x0000000084100000, 0x0000000084100000| Untracked 
|  66|0x0000000084200000, 0x0000000084200000, 0x0000000084300000|  0%| F|  |TAMS 0x0000000084200000, 0x0000000084200000| Untracked 
|  67|0x0000000084300000, 0x0000000084300000, 0x0000000084400000|  0%| F|  |TAMS 0x0000000084300000, 0x0000000084300000| Untracked 
|  68|0x0000000084400000, 0x0000000084400000, 0x0000000084500000|  0%| F|  |TAMS 0x0000000084400000, 0x0000000084400000| Untracked 
|  69|0x0000000084500000, 0x0000000084500000, 0x0000000084600000|  0%| F|  |TAMS 0x0000000084500000, 0x0000000084500000| Untracked 
|  70|0x0000000084600000, 0x0000000084600000, 0x0000000084700000|  0%| F|  |TAMS 0x0000000084600000, 0x0000000084600000| Untracked 
|  71|0x0000000084700000, 0x0000000084700000, 0x0000000084800000|  0%| F|  |TAMS 0x0000000084700000, 0x0000000084700000| Untracked 
|  72|0x0000000084800000, 0x0000000084800000, 0x0000000084900000|  0%| F|  |TAMS 0x0000000084800000, 0x0000000084800000| Untracked 
|  73|0x0000000084900000, 0x0000000084900000, 0x0000000084a00000|  0%| F|  |TAMS 0x0000000084900000, 0x0000000084900000| Untracked 
|  74|0x0000000084a00000, 0x0000000084a00000, 0x0000000084b00000|  0%| F|  |TAMS 0x0000000084a00000, 0x0000000084a00000| Untracked 
|  75|0x0000000084b00000, 0x0000000084b00000, 0x0000000084c00000|  0%| F|  |TAMS 0x0000000084b00000, 0x0000000084b00000| Untracked 
|  76|0x0000000084c00000, 0x0000000084c00000, 0x0000000084d00000|  0%| F|  |TAMS 0x0000000084c00000, 0x0000000084c00000| Untracked 
|  77|0x0000000084d00000, 0x0000000084d00000, 0x0000000084e00000|  0%| F|  |TAMS 0x0000000084d00000, 0x0000000084d00000| Untracked 
|  78|0x0000000084e00000, 0x0000000084e00000, 0x0000000084f00000|  0%| F|  |TAMS 0x0000000084e00000, 0x0000000084e00000| Untracked 
|  79|0x0000000084f00000, 0x0000000084f00000, 0x0000000085000000|  0%| F|  |TAMS 0x0000000084f00000, 0x0000000084f00000| Untracked 
|  80|0x0000000085000000, 0x0000000085000000, 0x0000000085100000|  0%| F|  |TAMS 0x0000000085000000, 0x0000000085000000| Untracked 
|  81|0x0000000085100000, 0x0000000085100000, 0x0000000085200000|  0%| F|  |TAMS 0x0000000085100000, 0x0000000085100000| Untracked 
|  82|0x0000000085200000, 0x0000000085200000, 0x0000000085300000|  0%| F|  |TAMS 0x0000000085200000, 0x0000000085200000| Untracked 
|  83|0x0000000085300000, 0x0000000085300000, 0x0000000085400000|  0%| F|  |TAMS 0x0000000085300000, 0x0000000085300000| Untracked 
|  84|0x0000000085400000, 0x0000000085400000, 0x0000000085500000|  0%| F|  |TAMS 0x0000000085400000, 0x0000000085400000| Untracked 
|  85|0x0000000085500000, 0x0000000085500000, 0x0000000085600000|  0%| F|  |TAMS 0x0000000085500000, 0x0000000085500000| Untracked 
|  86|0x0000000085600000, 0x0000000085600000, 0x0000000085700000|  0%| F|  |TAMS 0x0000000085600000, 0x0000000085600000| Untracked 
|  87|0x0000000085700000, 0x0000000085700000, 0x0000000085800000|  0%| F|  |TAMS 0x0000000085700000, 0x0000000085700000| Untracked 
|  88|0x0000000085800000, 0x0000000085800000, 0x0000000085900000|  0%| F|  |TAMS 0x0000000085800000, 0x0000000085800000| Untracked 
|  89|0x0000000085900000, 0x0000000085900000, 0x0000000085a00000|  0%| F|  |TAMS 0x0000000085900000, 0x0000000085900000| Untracked 
|  90|0x0000000085a00000, 0x0000000085a463d8, 0x0000000085b00000| 27%| S|CS|TAMS 0x0000000085a00000, 0x0000000085a00000| Complete 
|  91|0x0000000085b00000, 0x0000000085c00000, 0x0000000085c00000|100%| S|CS|TAMS 0x0000000085b00000, 0x0000000085b00000| Complete 
|  92|0x0000000085c00000, 0x0000000085d00000, 0x0000000085d00000|100%| S|CS|TAMS 0x0000000085c00000, 0x0000000085c00000| Complete 
|  93|0x0000000085d00000, 0x0000000085e00000, 0x0000000085e00000|100%| S|CS|TAMS 0x0000000085d00000, 0x0000000085d00000| Complete 
|  94|0x0000000085e00000, 0x0000000085e00000, 0x0000000085f00000|  0%| F|  |TAMS 0x0000000085e00000, 0x0000000085e00000| Untracked 
|  95|0x0000000085f00000, 0x0000000085f00000, 0x0000000086000000|  0%| F|  |TAMS 0x0000000085f00000, 0x0000000085f00000| Untracked 
|  96|0x0000000086000000, 0x0000000086000000, 0x0000000086100000|  0%| F|  |TAMS 0x0000000086000000, 0x0000000086000000| Untracked 
|  97|0x0000000086100000, 0x0000000086100000, 0x0000000086200000|  0%| F|  |TAMS 0x0000000086100000, 0x0000000086100000| Untracked 
|  98|0x0000000086200000, 0x0000000086200000, 0x0000000086300000|  0%| F|  |TAMS 0x0000000086200000, 0x0000000086200000| Untracked 
|  99|0x0000000086300000, 0x0000000086300000, 0x0000000086400000|  0%| F|  |TAMS 0x0000000086300000, 0x0000000086300000| Untracked 
| 100|0x0000000086400000, 0x0000000086400000, 0x0000000086500000|  0%| F|  |TAMS 0x0000000086400000, 0x0000000086400000| Untracked 
| 101|0x0000000086500000, 0x0000000086500000, 0x0000000086600000|  0%| F|  |TAMS 0x0000000086500000, 0x0000000086500000| Untracked 
| 102|0x0000000086600000, 0x0000000086600000, 0x0000000086700000|  0%| F|  |TAMS 0x0000000086600000, 0x0000000086600000| Untracked 
| 103|0x0000000086700000, 0x0000000086700000, 0x0000000086800000|  0%| F|  |TAMS 0x0000000086700000, 0x0000000086700000| Untracked 
| 104|0x0000000086800000, 0x0000000086800000, 0x0000000086900000|  0%| F|  |TAMS 0x0000000086800000, 0x0000000086800000| Untracked 
| 105|0x0000000086900000, 0x0000000086900000, 0x0000000086a00000|  0%| F|  |TAMS 0x0000000086900000, 0x0000000086900000| Untracked 
| 106|0x0000000086a00000, 0x0000000086a00000, 0x0000000086b00000|  0%| F|  |TAMS 0x0000000086a00000, 0x0000000086a00000| Untracked 
| 107|0x0000000086b00000, 0x0000000086b00000, 0x0000000086c00000|  0%| F|  |TAMS 0x0000000086b00000, 0x0000000086b00000| Untracked 
| 108|0x0000000086c00000, 0x0000000086c00000, 0x0000000086d00000|  0%| F|  |TAMS 0x0000000086c00000, 0x0000000086c00000| Untracked 
| 109|0x0000000086d00000, 0x0000000086d00000, 0x0000000086e00000|  0%| F|  |TAMS 0x0000000086d00000, 0x0000000086d00000| Untracked 
| 110|0x0000000086e00000, 0x0000000086e00000, 0x0000000086f00000|  0%| F|  |TAMS 0x0000000086e00000, 0x0000000086e00000| Untracked 
| 111|0x0000000086f00000, 0x0000000086f00000, 0x0000000087000000|  0%| F|  |TAMS 0x0000000086f00000, 0x0000000086f00000| Untracked 
| 112|0x0000000087000000, 0x0000000087000000, 0x0000000087100000|  0%| F|  |TAMS 0x0000000087000000, 0x0000000087000000| Untracked 
| 113|0x0000000087100000, 0x0000000087200000, 0x0000000087200000|100%| S|CS|TAMS 0x0000000087100000, 0x0000000087100000| Complete 
| 114|0x0000000087200000, 0x0000000087300000, 0x0000000087300000|100%| S|CS|TAMS 0x0000000087200000, 0x0000000087200000| Complete 
| 115|0x0000000087300000, 0x0000000087400000, 0x0000000087400000|100%| S|CS|TAMS 0x0000000087300000, 0x0000000087300000| Complete 
| 116|0x0000000087400000, 0x0000000087500000, 0x0000000087500000|100%| S|CS|TAMS 0x0000000087400000, 0x0000000087400000| Complete 
| 117|0x0000000087500000, 0x0000000087600000, 0x0000000087600000|100%| S|CS|TAMS 0x0000000087500000, 0x0000000087500000| Complete 
| 118|0x0000000087600000, 0x0000000087700000, 0x0000000087700000|100%| S|CS|TAMS 0x0000000087600000, 0x0000000087600000| Complete 
| 119|0x0000000087700000, 0x0000000087800000, 0x0000000087800000|100%| S|CS|TAMS 0x0000000087700000, 0x0000000087700000| Complete 
| 120|0x0000000087800000, 0x0000000087900000, 0x0000000087900000|100%| S|CS|TAMS 0x0000000087800000, 0x0000000087800000| Complete 
| 121|0x0000000087900000, 0x0000000087900000, 0x0000000087a00000|  0%| F|  |TAMS 0x0000000087900000, 0x0000000087900000| Untracked 
| 122|0x0000000087a00000, 0x0000000087a00000, 0x0000000087b00000|  0%| F|  |TAMS 0x0000000087a00000, 0x0000000087a00000| Untracked 
| 123|0x0000000087b00000, 0x0000000087b00000, 0x0000000087c00000|  0%| F|  |TAMS 0x0000000087b00000, 0x0000000087b00000| Untracked 
| 124|0x0000000087c00000, 0x0000000087c00000, 0x0000000087d00000|  0%| F|  |TAMS 0x0000000087c00000, 0x0000000087c00000| Untracked 
| 125|0x0000000087d00000, 0x0000000087d00000, 0x0000000087e00000|  0%| F|  |TAMS 0x0000000087d00000, 0x0000000087d00000| Untracked 
| 126|0x0000000087e00000, 0x0000000087e00000, 0x0000000087f00000|  0%| F|  |TAMS 0x0000000087e00000, 0x0000000087e00000| Untracked 
| 127|0x0000000087f00000, 0x0000000087f00000, 0x0000000088000000|  0%| F|  |TAMS 0x0000000087f00000, 0x0000000087f00000| Untracked 
| 128|0x0000000088000000, 0x0000000088000000, 0x0000000088100000|  0%| F|  |TAMS 0x0000000088000000, 0x0000000088000000| Untracked 
| 129|0x0000000088100000, 0x0000000088100000, 0x0000000088200000|  0%| F|  |TAMS 0x0000000088100000, 0x0000000088100000| Untracked 
| 130|0x0000000088200000, 0x0000000088200000, 0x0000000088300000|  0%| F|  |TAMS 0x0000000088200000, 0x0000000088200000| Untracked 
| 131|0x0000000088300000, 0x0000000088300000, 0x0000000088400000|  0%| F|  |TAMS 0x0000000088300000, 0x0000000088300000| Untracked 
| 132|0x0000000088400000, 0x0000000088400000, 0x0000000088500000|  0%| F|  |TAMS 0x0000000088400000, 0x0000000088400000| Untracked 
| 133|0x0000000088500000, 0x0000000088500000, 0x0000000088600000|  0%| F|  |TAMS 0x0000000088500000, 0x0000000088500000| Untracked 
| 134|0x0000000088600000, 0x0000000088600000, 0x0000000088700000|  0%| F|  |TAMS 0x0000000088600000, 0x0000000088600000| Untracked 
| 135|0x0000000088700000, 0x0000000088700000, 0x0000000088800000|  0%| F|  |TAMS 0x0000000088700000, 0x0000000088700000| Untracked 
| 136|0x0000000088800000, 0x0000000088800000, 0x0000000088900000|  0%| F|  |TAMS 0x0000000088800000, 0x0000000088800000| Untracked 
| 137|0x0000000088900000, 0x0000000088900000, 0x0000000088a00000|  0%| F|  |TAMS 0x0000000088900000, 0x0000000088900000| Untracked 
| 138|0x0000000088a00000, 0x0000000088a00000, 0x0000000088b00000|  0%| F|  |TAMS 0x0000000088a00000, 0x0000000088a00000| Untracked 
| 139|0x0000000088b00000, 0x0000000088b00000, 0x0000000088c00000|  0%| F|  |TAMS 0x0000000088b00000, 0x0000000088b00000| Untracked 
| 140|0x0000000088c00000, 0x0000000088c00000, 0x0000000088d00000|  0%| F|  |TAMS 0x0000000088c00000, 0x0000000088c00000| Untracked 
| 141|0x0000000088d00000, 0x0000000088d00000, 0x0000000088e00000|  0%| F|  |TAMS 0x0000000088d00000, 0x0000000088d00000| Untracked 
| 142|0x0000000088e00000, 0x0000000088e00000, 0x0000000088f00000|  0%| F|  |TAMS 0x0000000088e00000, 0x0000000088e00000| Untracked 
| 143|0x0000000088f00000, 0x0000000088f00000, 0x0000000089000000|  0%| F|  |TAMS 0x0000000088f00000, 0x0000000088f00000| Untracked 
| 144|0x0000000089000000, 0x0000000089000000, 0x0000000089100000|  0%| F|  |TAMS 0x0000000089000000, 0x0000000089000000| Untracked 
| 145|0x0000000089100000, 0x0000000089100000, 0x0000000089200000|  0%| F|  |TAMS 0x0000000089100000, 0x0000000089100000| Untracked 
| 146|0x0000000089200000, 0x0000000089200000, 0x0000000089300000|  0%| F|  |TAMS 0x0000000089200000, 0x0000000089200000| Untracked 
| 147|0x0000000089300000, 0x0000000089300000, 0x0000000089400000|  0%| F|  |TAMS 0x0000000089300000, 0x0000000089300000| Untracked 
| 148|0x0000000089400000, 0x0000000089400000, 0x0000000089500000|  0%| F|  |TAMS 0x0000000089400000, 0x0000000089400000| Untracked 
| 149|0x0000000089500000, 0x0000000089500000, 0x0000000089600000|  0%| F|  |TAMS 0x0000000089500000, 0x0000000089500000| Untracked 
| 150|0x0000000089600000, 0x0000000089600000, 0x0000000089700000|  0%| F|  |TAMS 0x0000000089600000, 0x0000000089600000| Untracked 
| 151|0x0000000089700000, 0x0000000089700000, 0x0000000089800000|  0%| F|  |TAMS 0x0000000089700000, 0x0000000089700000| Untracked 
| 152|0x0000000089800000, 0x0000000089800000, 0x0000000089900000|  0%| F|  |TAMS 0x0000000089800000, 0x0000000089800000| Untracked 
| 153|0x0000000089900000, 0x0000000089900000, 0x0000000089a00000|  0%| F|  |TAMS 0x0000000089900000, 0x0000000089900000| Untracked 
| 154|0x0000000089a00000, 0x0000000089a00000, 0x0000000089b00000|  0%| F|  |TAMS 0x0000000089a00000, 0x0000000089a00000| Untracked 
| 155|0x0000000089b00000, 0x0000000089b00000, 0x0000000089c00000|  0%| F|  |TAMS 0x0000000089b00000, 0x0000000089b00000| Untracked 
| 156|0x0000000089c00000, 0x0000000089c00000, 0x0000000089d00000|  0%| F|  |TAMS 0x0000000089c00000, 0x0000000089c00000| Untracked 
| 157|0x0000000089d00000, 0x0000000089d00000, 0x0000000089e00000|  0%| F|  |TAMS 0x0000000089d00000, 0x0000000089d00000| Untracked 
| 158|0x0000000089e00000, 0x0000000089e00000, 0x0000000089f00000|  0%| F|  |TAMS 0x0000000089e00000, 0x0000000089e00000| Untracked 
| 159|0x0000000089f00000, 0x0000000089f00000, 0x000000008a000000|  0%| F|  |TAMS 0x0000000089f00000, 0x0000000089f00000| Untracked 
| 160|0x000000008a000000, 0x000000008a000000, 0x000000008a100000|  0%| F|  |TAMS 0x000000008a000000, 0x000000008a000000| Untracked 
| 161|0x000000008a100000, 0x000000008a100000, 0x000000008a200000|  0%| F|  |TAMS 0x000000008a100000, 0x000000008a100000| Untracked 
| 162|0x000000008a200000, 0x000000008a200000, 0x000000008a300000|  0%| F|  |TAMS 0x000000008a200000, 0x000000008a200000| Untracked 
| 163|0x000000008a300000, 0x000000008a300000, 0x000000008a400000|  0%| F|  |TAMS 0x000000008a300000, 0x000000008a300000| Untracked 
| 164|0x000000008a400000, 0x000000008a400000, 0x000000008a500000|  0%| F|  |TAMS 0x000000008a400000, 0x000000008a400000| Untracked 
| 165|0x000000008a500000, 0x000000008a500000, 0x000000008a600000|  0%| F|  |TAMS 0x000000008a500000, 0x000000008a500000| Untracked 
| 166|0x000000008a600000, 0x000000008a600000, 0x000000008a700000|  0%| F|  |TAMS 0x000000008a600000, 0x000000008a600000| Untracked 
| 167|0x000000008a700000, 0x000000008a700000, 0x000000008a800000|  0%| F|  |TAMS 0x000000008a700000, 0x000000008a700000| Untracked 
| 168|0x000000008a800000, 0x000000008a800000, 0x000000008a900000|  0%| F|  |TAMS 0x000000008a800000, 0x000000008a800000| Untracked 
| 169|0x000000008a900000, 0x000000008a900000, 0x000000008aa00000|  0%| F|  |TAMS 0x000000008a900000, 0x000000008a900000| Untracked 
| 170|0x000000008aa00000, 0x000000008aa00000, 0x000000008ab00000|  0%| F|  |TAMS 0x000000008aa00000, 0x000000008aa00000| Untracked 
| 171|0x000000008ab00000, 0x000000008ab00000, 0x000000008ac00000|  0%| F|  |TAMS 0x000000008ab00000, 0x000000008ab00000| Untracked 
| 172|0x000000008ac00000, 0x000000008ac00000, 0x000000008ad00000|  0%| F|  |TAMS 0x000000008ac00000, 0x000000008ac00000| Untracked 
| 173|0x000000008ad00000, 0x000000008ad00000, 0x000000008ae00000|  0%| F|  |TAMS 0x000000008ad00000, 0x000000008ad00000| Untracked 
| 174|0x000000008ae00000, 0x000000008ae00000, 0x000000008af00000|  0%| F|  |TAMS 0x000000008ae00000, 0x000000008ae00000| Untracked 
| 175|0x000000008af00000, 0x000000008af00000, 0x000000008b000000|  0%| F|  |TAMS 0x000000008af00000, 0x000000008af00000| Untracked 
| 176|0x000000008b000000, 0x000000008b000000, 0x000000008b100000|  0%| F|  |TAMS 0x000000008b000000, 0x000000008b000000| Untracked 
| 177|0x000000008b100000, 0x000000008b100000, 0x000000008b200000|  0%| F|  |TAMS 0x000000008b100000, 0x000000008b100000| Untracked 
| 178|0x000000008b200000, 0x000000008b200000, 0x000000008b300000|  0%| F|  |TAMS 0x000000008b200000, 0x000000008b200000| Untracked 
| 179|0x000000008b300000, 0x000000008b300000, 0x000000008b400000|  0%| F|  |TAMS 0x000000008b300000, 0x000000008b300000| Untracked 
| 180|0x000000008b400000, 0x000000008b400000, 0x000000008b500000|  0%| F|  |TAMS 0x000000008b400000, 0x000000008b400000| Untracked 
| 181|0x000000008b500000, 0x000000008b500000, 0x000000008b600000|  0%| F|  |TAMS 0x000000008b500000, 0x000000008b500000| Untracked 
| 182|0x000000008b600000, 0x000000008b600000, 0x000000008b700000|  0%| F|  |TAMS 0x000000008b600000, 0x000000008b600000| Untracked 
| 183|0x000000008b700000, 0x000000008b700000, 0x000000008b800000|  0%| F|  |TAMS 0x000000008b700000, 0x000000008b700000| Untracked 
| 184|0x000000008b800000, 0x000000008b800000, 0x000000008b900000|  0%| F|  |TAMS 0x000000008b800000, 0x000000008b800000| Untracked 
| 185|0x000000008b900000, 0x000000008b900000, 0x000000008ba00000|  0%| F|  |TAMS 0x000000008b900000, 0x000000008b900000| Untracked 
| 186|0x000000008ba00000, 0x000000008ba00000, 0x000000008bb00000|  0%| F|  |TAMS 0x000000008ba00000, 0x000000008ba00000| Untracked 
| 187|0x000000008bb00000, 0x000000008bb00000, 0x000000008bc00000|  0%| F|  |TAMS 0x000000008bb00000, 0x000000008bb00000| Untracked 
| 188|0x000000008bc00000, 0x000000008bc00000, 0x000000008bd00000|  0%| F|  |TAMS 0x000000008bc00000, 0x000000008bc00000| Untracked 
| 189|0x000000008bd00000, 0x000000008bd00000, 0x000000008be00000|  0%| F|  |TAMS 0x000000008bd00000, 0x000000008bd00000| Untracked 
| 190|0x000000008be00000, 0x000000008be00000, 0x000000008bf00000|  0%| F|  |TAMS 0x000000008be00000, 0x000000008be00000| Untracked 
| 191|0x000000008bf00000, 0x000000008bf00000, 0x000000008c000000|  0%| F|  |TAMS 0x000000008bf00000, 0x000000008bf00000| Untracked 
| 192|0x000000008c000000, 0x000000008c000000, 0x000000008c100000|  0%| F|  |TAMS 0x000000008c000000, 0x000000008c000000| Untracked 
| 193|0x000000008c100000, 0x000000008c100000, 0x000000008c200000|  0%| F|  |TAMS 0x000000008c100000, 0x000000008c100000| Untracked 
| 194|0x000000008c200000, 0x000000008c200000, 0x000000008c300000|  0%| F|  |TAMS 0x000000008c200000, 0x000000008c200000| Untracked 
| 195|0x000000008c300000, 0x000000008c300000, 0x000000008c400000|  0%| F|  |TAMS 0x000000008c300000, 0x000000008c300000| Untracked 
| 196|0x000000008c400000, 0x000000008c400000, 0x000000008c500000|  0%| F|  |TAMS 0x000000008c400000, 0x000000008c400000| Untracked 
| 197|0x000000008c500000, 0x000000008c500000, 0x000000008c600000|  0%| F|  |TAMS 0x000000008c500000, 0x000000008c500000| Untracked 
| 198|0x000000008c600000, 0x000000008c600000, 0x000000008c700000|  0%| F|  |TAMS 0x000000008c600000, 0x000000008c600000| Untracked 
| 199|0x000000008c700000, 0x000000008c700000, 0x000000008c800000|  0%| F|  |TAMS 0x000000008c700000, 0x000000008c700000| Untracked 
| 200|0x000000008c800000, 0x000000008c800000, 0x000000008c900000|  0%| F|  |TAMS 0x000000008c800000, 0x000000008c800000| Untracked 
| 201|0x000000008c900000, 0x000000008c900000, 0x000000008ca00000|  0%| F|  |TAMS 0x000000008c900000, 0x000000008c900000| Untracked 
| 202|0x000000008ca00000, 0x000000008ca00000, 0x000000008cb00000|  0%| F|  |TAMS 0x000000008ca00000, 0x000000008ca00000| Untracked 
| 203|0x000000008cb00000, 0x000000008cb00000, 0x000000008cc00000|  0%| F|  |TAMS 0x000000008cb00000, 0x000000008cb00000| Untracked 
| 204|0x000000008cc00000, 0x000000008cc00000, 0x000000008cd00000|  0%| F|  |TAMS 0x000000008cc00000, 0x000000008cc00000| Untracked 
| 205|0x000000008cd00000, 0x000000008cd00000, 0x000000008ce00000|  0%| F|  |TAMS 0x000000008cd00000, 0x000000008cd00000| Untracked 
| 206|0x000000008ce00000, 0x000000008cf00000, 0x000000008cf00000|100%| E|  |TAMS 0x000000008ce00000, 0x000000008ce00000| Complete 
| 207|0x000000008cf00000, 0x000000008d000000, 0x000000008d000000|100%| E|CS|TAMS 0x000000008cf00000, 0x000000008cf00000| Complete 
| 208|0x000000008d000000, 0x000000008d100000, 0x000000008d100000|100%| E|CS|TAMS 0x000000008d000000, 0x000000008d000000| Complete 
| 209|0x000000008d100000, 0x000000008d200000, 0x000000008d200000|100%| E|CS|TAMS 0x000000008d100000, 0x000000008d100000| Complete 
| 210|0x000000008d200000, 0x000000008d300000, 0x000000008d300000|100%| E|CS|TAMS 0x000000008d200000, 0x000000008d200000| Complete 
| 211|0x000000008d300000, 0x000000008d400000, 0x000000008d400000|100%| E|CS|TAMS 0x000000008d300000, 0x000000008d300000| Complete 
| 212|0x000000008d400000, 0x000000008d500000, 0x000000008d500000|100%| E|CS|TAMS 0x000000008d400000, 0x000000008d400000| Complete 
| 213|0x000000008d500000, 0x000000008d600000, 0x000000008d600000|100%| E|CS|TAMS 0x000000008d500000, 0x000000008d500000| Complete 
| 214|0x000000008d600000, 0x000000008d700000, 0x000000008d700000|100%| E|CS|TAMS 0x000000008d600000, 0x000000008d600000| Complete 
| 215|0x000000008d700000, 0x000000008d800000, 0x000000008d800000|100%| E|CS|TAMS 0x000000008d700000, 0x000000008d700000| Complete 
| 216|0x000000008d800000, 0x000000008d900000, 0x000000008d900000|100%| E|CS|TAMS 0x000000008d800000, 0x000000008d800000| Complete 
| 217|0x000000008d900000, 0x000000008da00000, 0x000000008da00000|100%| E|CS|TAMS 0x000000008d900000, 0x000000008d900000| Complete 
| 218|0x000000008da00000, 0x000000008db00000, 0x000000008db00000|100%| E|CS|TAMS 0x000000008da00000, 0x000000008da00000| Complete 
| 219|0x000000008db00000, 0x000000008dc00000, 0x000000008dc00000|100%| E|CS|TAMS 0x000000008db00000, 0x000000008db00000| Complete 
| 220|0x000000008dc00000, 0x000000008dd00000, 0x000000008dd00000|100%| E|CS|TAMS 0x000000008dc00000, 0x000000008dc00000| Complete 
| 221|0x000000008dd00000, 0x000000008de00000, 0x000000008de00000|100%| E|CS|TAMS 0x000000008dd00000, 0x000000008dd00000| Complete 
| 222|0x000000008de00000, 0x000000008df00000, 0x000000008df00000|100%| E|CS|TAMS 0x000000008de00000, 0x000000008de00000| Complete 
| 223|0x000000008df00000, 0x000000008e000000, 0x000000008e000000|100%| E|CS|TAMS 0x000000008df00000, 0x000000008df00000| Complete 
| 224|0x000000008e000000, 0x000000008e100000, 0x000000008e100000|100%| E|CS|TAMS 0x000000008e000000, 0x000000008e000000| Complete 
| 225|0x000000008e100000, 0x000000008e200000, 0x000000008e200000|100%| E|CS|TAMS 0x000000008e100000, 0x000000008e100000| Complete 
| 226|0x000000008e200000, 0x000000008e300000, 0x000000008e300000|100%| E|CS|TAMS 0x000000008e200000, 0x000000008e200000| Complete 
| 227|0x000000008e300000, 0x000000008e400000, 0x000000008e400000|100%| E|CS|TAMS 0x000000008e300000, 0x000000008e300000| Complete 
| 228|0x000000008e400000, 0x000000008e500000, 0x000000008e500000|100%| E|CS|TAMS 0x000000008e400000, 0x000000008e400000| Complete 
| 229|0x000000008e500000, 0x000000008e600000, 0x000000008e600000|100%| E|CS|TAMS 0x000000008e500000, 0x000000008e500000| Complete 
| 230|0x000000008e600000, 0x000000008e700000, 0x000000008e700000|100%| E|CS|TAMS 0x000000008e600000, 0x000000008e600000| Complete 
| 231|0x000000008e700000, 0x000000008e800000, 0x000000008e800000|100%| E|CS|TAMS 0x000000008e700000, 0x000000008e700000| Complete 
| 232|0x000000008e800000, 0x000000008e900000, 0x000000008e900000|100%| E|CS|TAMS 0x000000008e800000, 0x000000008e800000| Complete 
| 233|0x000000008e900000, 0x000000008ea00000, 0x000000008ea00000|100%| E|CS|TAMS 0x000000008e900000, 0x000000008e900000| Complete 
| 234|0x000000008ea00000, 0x000000008eb00000, 0x000000008eb00000|100%| E|CS|TAMS 0x000000008ea00000, 0x000000008ea00000| Complete 
| 235|0x000000008eb00000, 0x000000008ec00000, 0x000000008ec00000|100%| E|CS|TAMS 0x000000008eb00000, 0x000000008eb00000| Complete 
| 236|0x000000008ec00000, 0x000000008ed00000, 0x000000008ed00000|100%| E|CS|TAMS 0x000000008ec00000, 0x000000008ec00000| Complete 
| 237|0x000000008ed00000, 0x000000008ee00000, 0x000000008ee00000|100%| E|CS|TAMS 0x000000008ed00000, 0x000000008ed00000| Complete 
| 238|0x000000008ee00000, 0x000000008ef00000, 0x000000008ef00000|100%| E|CS|TAMS 0x000000008ee00000, 0x000000008ee00000| Complete 
| 239|0x000000008ef00000, 0x000000008f000000, 0x000000008f000000|100%| E|CS|TAMS 0x000000008ef00000, 0x000000008ef00000| Complete 
| 240|0x000000008f000000, 0x000000008f100000, 0x000000008f100000|100%| E|CS|TAMS 0x000000008f000000, 0x000000008f000000| Complete 
| 241|0x000000008f100000, 0x000000008f200000, 0x000000008f200000|100%| E|CS|TAMS 0x000000008f100000, 0x000000008f100000| Complete 
| 242|0x000000008f200000, 0x000000008f300000, 0x000000008f300000|100%| E|CS|TAMS 0x000000008f200000, 0x000000008f200000| Complete 
| 243|0x000000008f300000, 0x000000008f400000, 0x000000008f400000|100%| E|CS|TAMS 0x000000008f300000, 0x000000008f300000| Complete 
| 244|0x000000008f400000, 0x000000008f500000, 0x000000008f500000|100%| E|CS|TAMS 0x000000008f400000, 0x000000008f400000| Complete 
| 245|0x000000008f500000, 0x000000008f600000, 0x000000008f600000|100%| E|CS|TAMS 0x000000008f500000, 0x000000008f500000| Complete 
| 246|0x000000008f600000, 0x000000008f700000, 0x000000008f700000|100%| E|CS|TAMS 0x000000008f600000, 0x000000008f600000| Complete 
| 247|0x000000008f700000, 0x000000008f800000, 0x000000008f800000|100%| E|CS|TAMS 0x000000008f700000, 0x000000008f700000| Complete 
| 248|0x000000008f800000, 0x000000008f900000, 0x000000008f900000|100%| E|CS|TAMS 0x000000008f800000, 0x000000008f800000| Complete 
| 249|0x000000008f900000, 0x000000008fa00000, 0x000000008fa00000|100%| E|CS|TAMS 0x000000008f900000, 0x000000008f900000| Complete 
| 250|0x000000008fa00000, 0x000000008fb00000, 0x000000008fb00000|100%| E|CS|TAMS 0x000000008fa00000, 0x000000008fa00000| Complete 
| 251|0x000000008fb00000, 0x000000008fc00000, 0x000000008fc00000|100%| E|CS|TAMS 0x000000008fb00000, 0x000000008fb00000| Complete 
| 252|0x000000008fc00000, 0x000000008fd00000, 0x000000008fd00000|100%| E|CS|TAMS 0x000000008fc00000, 0x000000008fc00000| Complete 
| 253|0x000000008fd00000, 0x000000008fe00000, 0x000000008fe00000|100%| E|CS|TAMS 0x000000008fd00000, 0x000000008fd00000| Complete 

Card table byte_map: [0x000001feac210000,0x000001feac610000] _byte_map_base: 0x000001feabe10000

Marking Bits (Prev, Next): (CMBitMap*) 0x000001fe96ee7b90, (CMBitMap*) 0x000001fe96ee7b58
 Prev Bits: [0x000001feaea10000, 0x000001feb0a10000)
 Next Bits: [0x000001feaca10000, 0x000001feaea10000)

Polling page: 0x000001fe96c20000

Metaspace:

Usage:
  Non-class:     65.44 MB capacity,    64.30 MB ( 98%) used,   971.25 KB (  1%) free+waste,   193.63 KB ( <1%) overhead. 
      Class:     10.34 MB capacity,     9.65 MB ( 93%) used,   612.27 KB (  6%) free+waste,    90.38 KB ( <1%) overhead. 
       Both:     75.78 MB capacity,    73.96 MB ( 98%) used,     1.55 MB (  2%) free+waste,   284.00 KB ( <1%) overhead. 

Virtual space:
  Non-class space:       66.00 MB reserved,      65.68 MB (>99%) committed 
      Class space:        1.00 GB reserved,      10.45 MB (  1%) committed 
             Both:        1.06 GB reserved,      76.13 MB (  7%) committed 

Chunk freelists:
   Non-Class:  47.00 KB
       Class:  5.00 KB
        Both:  52.00 KB

MaxMetaspaceSize: 17179869184.00 GB
CompressedClassSpaceSize: 1.00 GB

CodeHeap 'non-profiled nmethods': size=120000Kb used=4613Kb max_used=4613Kb free=115386Kb
 bounds [0x000001fea3c40000, 0x000001fea40d0000, 0x000001feab170000]
CodeHeap 'profiled nmethods': size=120000Kb used=15437Kb max_used=15437Kb free=104562Kb
 bounds [0x000001fe9c710000, 0x000001fe9d630000, 0x000001fea3c40000]
CodeHeap 'non-nmethods': size=5760Kb used=2276Kb max_used=2325Kb free=3483Kb
 bounds [0x000001fe9c170000, 0x000001fe9c3e0000, 0x000001fe9c710000]
 total_blobs=8120 nmethods=7252 adapters=778
 compilation: enabled
              stopped_count=0, restarted_count=0
 full_count=0

Compilation events (20 events):
Event: 14.321 Thread 0x000001feb3ffa000 7242       3       java.lang.Class::getProtectionDomain (63 bytes)
Event: 14.322 Thread 0x000001feb3ffa000 nmethod 7242 0x000001fe9d60bc10 code [0x000001fe9d60be80, 0x000001fe9d60c688]
Event: 14.324 Thread 0x000001feb3ffa000 7244       3       java.lang.reflect.Constructor::isSynthetic (5 bytes)
Event: 14.325 Thread 0x000001feb3ffa000 nmethod 7244 0x000001fe9d60c910 code [0x000001fe9d60cae0, 0x000001fe9d60cd18]
Event: 14.325 Thread 0x000001feb3ffa000 7245       3       org.gradle.cache.internal.DefaultCrossBuildInMemoryCacheFactory$DefaultCrossBuildInMemoryCache::retainValue (20 bytes)
Event: 14.325 Thread 0x000001feb3ffa000 nmethod 7245 0x000001fe9d60ce10 code [0x000001fe9d60d000, 0x000001fe9d60d4a8]
Event: 14.326 Thread 0x000001feb3ffa000 7246       3       org.gradle.internal.typeconversion.NotationConverterToNotationParserAdapter::parseNotation (41 bytes)
Event: 14.327 Thread 0x000001feb3ffa000 nmethod 7246 0x000001fe9d60d690 code [0x000001fe9d60d880, 0x000001fe9d60dd18]
Event: 14.327 Thread 0x000001feb3ffa000 7247       3       org.gradle.internal.typeconversion.NotationConverterToNotationParserAdapter$ResultImpl::<init> (5 bytes)
Event: 14.327 Thread 0x000001feb3ffa000 nmethod 7247 0x000001fe9d60df10 code [0x000001fe9d60e0c0, 0x000001fe9d60e278]
Event: 14.327 Thread 0x000001feb3ffa000 7248       3       org.gradle.internal.typeconversion.NotationConverterToNotationParserAdapter$ResultImpl::converted (11 bytes)
Event: 14.327 Thread 0x000001feb3ffa000 nmethod 7248 0x000001fe9d60e390 code [0x000001fe9d60e540, 0x000001fe9d60e698]
Event: 14.328 Thread 0x000001feb3ffa000 7249       3       org.gradle.internal.concurrent.CompositeStoppable::add (35 bytes)
Event: 14.329 Thread 0x000001feb3ffa000 nmethod 7249 0x000001fe9d60e710 code [0x000001fe9d60e900, 0x000001fe9d60edd8]
Event: 14.331 Thread 0x000001feb3ffa000 7250   !   3       org.gradle.api.internal.DefaultMutationGuard$2::execute (67 bytes)
Event: 14.332 Thread 0x000001feb3ffa000 nmethod 7250 0x000001fe9d60f010 code [0x000001fe9d60f2c0, 0x000001fe9d60ff88]
Event: 14.332 Thread 0x000001feb3ffa000 7251       3       org.gradle.api.internal.DefaultMutationGuard::access$100 (6 bytes)
Event: 14.332 Thread 0x000001feb3ffa000 nmethod 7251 0x000001fe9d610490 code [0x000001fe9d610680, 0x000001fe9d610a78]
Event: 14.333 Thread 0x000001feb3ffa000 7252       3       org.gradle.api.internal.DefaultMutationGuard::setMutationGuardState (24 bytes)
Event: 14.333 Thread 0x000001feb3ffa000 nmethod 7252 0x000001fe9d610c10 code [0x000001fe9d610e00, 0x000001fe9d6111b8]

GC Heap History (16 events):
Event: 0.844 GC heap before
{Heap before GC invocations=0 (full 0):
 garbage-first heap   total 260096K, used 29696K [0x0000000080000000, 0x0000000100000000)
  region size 1024K, 24 young (24576K), 0 survivors (0K)
 Metaspace       used 9797K, capacity 9986K, committed 10112K, reserved 1058816K
  class space    used 1022K, capacity 1102K, committed 1152K, reserved 1048576K
}
Event: 0.850 GC heap after
{Heap after GC invocations=1 (full 0):
 garbage-first heap   total 260096K, used 9295K [0x0000000080000000, 0x0000000100000000)
  region size 1024K, 3 young (3072K), 3 survivors (3072K)
 Metaspace       used 9797K, capacity 9986K, committed 10112K, reserved 1058816K
  class space    used 1022K, capacity 1102K, committed 1152K, reserved 1048576K
}
Event: 2.896 GC heap before
{Heap before GC invocations=1 (full 0):
 garbage-first heap   total 260096K, used 104527K [0x0000000080000000, 0x0000000100000000)
  region size 1024K, 97 young (99328K), 3 survivors (3072K)
 Metaspace       used 20594K, capacity 21136K, committed 21248K, reserved 1067008K
  class space    used 2524K, capacity 2727K, committed 2816K, reserved 1048576K
}
Event: 2.904 GC heap after
{Heap after GC invocations=2 (full 0):
 garbage-first heap   total 260096K, used 16246K [0x0000000080000000, 0x0000000100000000)
  region size 1024K, 10 young (10240K), 10 survivors (10240K)
 Metaspace       used 20594K, capacity 21136K, committed 21248K, reserved 1067008K
  class space    used 2524K, capacity 2727K, committed 2816K, reserved 1048576K
}
Event: 3.096 GC heap before
{Heap before GC invocations=3 (full 0):
 garbage-first heap   total 260096K, used 36726K [0x0000000080000000, 0x0000000100000000)
  region size 1024K, 31 young (31744K), 10 survivors (10240K)
 Metaspace       used 22269K, capacity 22768K, committed 23040K, reserved 1069056K
  class space    used 2841K, capacity 3040K, committed 3072K, reserved 1048576K
}
Event: 3.102 GC heap after
{Heap after GC invocations=4 (full 0):
 garbage-first heap   total 260096K, used 17312K [0x0000000080000000, 0x0000000100000000)
  region size 1024K, 2 young (2048K), 2 survivors (2048K)
 Metaspace       used 22269K, capacity 22768K, committed 23040K, reserved 1069056K
  class space    used 2841K, capacity 3040K, committed 3072K, reserved 1048576K
}
Event: 4.070 GC heap before
{Heap before GC invocations=4 (full 0):
 garbage-first heap   total 260096K, used 95136K [0x0000000080000000, 0x0000000100000000)
  region size 1024K, 78 young (79872K), 2 survivors (2048K)
 Metaspace       used 30958K, capacity 31650K, committed 31872K, reserved 1077248K
  class space    used 4146K, capacity 4407K, committed 4480K, reserved 1048576K
}
Event: 4.074 GC heap after
{Heap after GC invocations=5 (full 0):
 garbage-first heap   total 260096K, used 20388K [0x0000000080000000, 0x0000000100000000)
  region size 1024K, 5 young (5120K), 5 survivors (5120K)
 Metaspace       used 30958K, capacity 31650K, committed 31872K, reserved 1077248K
  class space    used 4146K, capacity 4407K, committed 4480K, reserved 1048576K
}
Event: 4.338 GC heap before
{Heap before GC invocations=5 (full 0):
 garbage-first heap   total 260096K, used 29604K [0x0000000080000000, 0x0000000100000000)
  region size 1024K, 16 young (16384K), 5 survivors (5120K)
 Metaspace       used 35029K, capacity 35830K, committed 35840K, reserved 1081344K
  class space    used 4539K, capacity 4864K, committed 4864K, reserved 1048576K
}
Event: 4.345 GC heap after
{Heap after GC invocations=6 (full 0):
 garbage-first heap   total 260096K, used 21720K [0x0000000080000000, 0x0000000100000000)
  region size 1024K, 6 young (6144K), 6 survivors (6144K)
 Metaspace       used 35029K, capacity 35830K, committed 35840K, reserved 1081344K
  class space    used 4539K, capacity 4864K, committed 4864K, reserved 1048576K
}
Event: 5.837 GC heap before
{Heap before GC invocations=7 (full 0):
 garbage-first heap   total 260096K, used 148696K [0x0000000080000000, 0x0000000100000000)
  region size 1024K, 127 young (130048K), 6 survivors (6144K)
 Metaspace       used 45059K, capacity 46176K, committed 46412K, reserved 1089536K
  class space    used 5792K, capacity 6193K, committed 6220K, reserved 1048576K
}
Event: 5.847 GC heap after
{Heap after GC invocations=8 (full 0):
 garbage-first heap   total 260096K, used 28959K [0x0000000080000000, 0x0000000100000000)
  region size 1024K, 13 young (13312K), 13 survivors (13312K)
 Metaspace       used 45059K, capacity 46176K, committed 46412K, reserved 1089536K
  class space    used 5792K, capacity 6193K, committed 6220K, reserved 1048576K
}
Event: 8.865 GC heap before
{Heap before GC invocations=8 (full 0):
 garbage-first heap   total 260096K, used 162079K [0x0000000080000000, 0x0000000100000000)
  region size 1024K, 141 young (144384K), 13 survivors (13312K)
 Metaspace       used 58520K, capacity 60076K, committed 60288K, reserved 1101824K
  class space    used 7439K, capacity 8010K, committed 8140K, reserved 1048576K
}
Event: 8.896 GC heap after
{Heap after GC invocations=9 (full 0):
 garbage-first heap   total 260096K, used 43957K [0x0000000080000000, 0x0000000100000000)
  region size 1024K, 19 young (19456K), 19 survivors (19456K)
 Metaspace       used 58520K, capacity 60076K, committed 60288K, reserved 1101824K
  class space    used 7439K, capacity 8010K, committed 8140K, reserved 1048576K
}
Event: 12.659 GC heap before
{Heap before GC invocations=10 (full 0):
 garbage-first heap   total 260096K, used 180149K [0x0000000080000000, 0x0000000100000000)
  region size 1024K, 152 young (155648K), 19 survivors (19456K)
 Metaspace       used 70549K, capacity 72334K, committed 72576K, reserved 1112064K
  class space    used 9189K, capacity 9812K, committed 9932K, reserved 1048576K
}
Event: 12.681 GC heap after
{Heap after GC invocations=11 (full 0):
 garbage-first heap   total 260096K, used 54552K [0x0000000080000000, 0x0000000100000000)
  region size 1024K, 12 young (12288K), 12 survivors (12288K)
 Metaspace       used 70549K, capacity 72334K, committed 72576K, reserved 1112064K
  class space    used 9189K, capacity 9812K, committed 9932K, reserved 1048576K
}

Deoptimization events (20 events):
Event: 13.677 Thread 0x000001feb697c800 DEOPT PACKING pc=0x000001fe9d275756 sp=0x000000b9cd6f88a0
Event: 13.677 Thread 0x000001feb697c800 DEOPT UNPACKING pc=0x000001fe9c1976ce sp=0x000000b9cd6f7e68 mode 0
Event: 13.709 Thread 0x000001feb697c800 Uncommon trap: trap_request=0xffffff4d fr.pc=0x000001fea3ec4008 relative=0x0000000000000708
Event: 13.710 Thread 0x000001feb697c800 Uncommon trap: reason=unstable_if action=reinterpret pc=0x000001fea3ec4008 method=java.util.HashMap.putVal(ILjava/lang/Object;Ljava/lang/Object;ZZ)Ljava/lang/Object; @ 109 c2
Event: 13.710 Thread 0x000001feb697c800 DEOPT PACKING pc=0x000001fea3ec4008 sp=0x000000b9cd6f8620
Event: 13.710 Thread 0x000001feb697c800 DEOPT UNPACKING pc=0x000001fe9c1978af sp=0x000000b9cd6f8538 mode 2
Event: 13.710 Thread 0x000001feb697c800 Uncommon trap: trap_request=0xffffff4d fr.pc=0x000001fea3d91278 relative=0x0000000000000678
Event: 13.710 Thread 0x000001feb697c800 Uncommon trap: reason=unstable_if action=reinterpret pc=0x000001fea3d91278 method=java.util.HashMap.putVal(ILjava/lang/Object;Ljava/lang/Object;ZZ)Ljava/lang/Object; @ 109 c2
Event: 13.710 Thread 0x000001feb697c800 DEOPT PACKING pc=0x000001fea3d91278 sp=0x000000b9cd6f8570
Event: 13.710 Thread 0x000001feb697c800 DEOPT UNPACKING pc=0x000001fe9c1978af sp=0x000000b9cd6f8528 mode 2
Event: 14.112 Thread 0x000001feb697c800 DEOPT PACKING pc=0x000001fe9d275756 sp=0x000000b9cd6f9c70
Event: 14.112 Thread 0x000001feb697c800 DEOPT UNPACKING pc=0x000001fe9c1976ce sp=0x000000b9cd6f9210 mode 0
Event: 14.207 Thread 0x000001feb697c800 DEOPT PACKING pc=0x000001fe9d275756 sp=0x000000b9cd6f9d10
Event: 14.207 Thread 0x000001feb697c800 DEOPT UNPACKING pc=0x000001fe9c1976ce sp=0x000000b9cd6f92b0 mode 0
Event: 14.234 Thread 0x000001feb697c800 Uncommon trap: trap_request=0xfffffff4 fr.pc=0x000001fea40b0424 relative=0x0000000000003844
Event: 14.234 Thread 0x000001feb697c800 Uncommon trap: reason=null_check action=make_not_entrant pc=0x000001fea40b0424 method=sun.reflect.generics.visitor.Reifier.reifyTypeArguments([Lsun/reflect/generics/tree/TypeArgument;)[Ljava/lang/reflect/Type; @ 29 c2
Event: 14.235 Thread 0x000001feb697c800 DEOPT PACKING pc=0x000001fea40b0424 sp=0x000000b9cd6f9c80
Event: 14.235 Thread 0x000001feb697c800 DEOPT UNPACKING pc=0x000001fe9c1978af sp=0x000000b9cd6f9bf8 mode 2
Event: 14.333 Thread 0x000001feb697c800 DEOPT PACKING pc=0x000001fe9d275756 sp=0x000000b9cd6f9ca0
Event: 14.333 Thread 0x000001feb697c800 DEOPT UNPACKING pc=0x000001fe9c1976ce sp=0x000000b9cd6f9240 mode 0

Classes redefined (0 events):
No events

Internal exceptions (20 events):
Event: 10.295 Thread 0x000001feb697c800 Exception <a 'java/lang/ClassNotFoundException'{0x000000008b7933e8}: com/android/build/gradle/internal/CompileOptions_DecoratedCustomizer> (0x000000008b7933e8) thrown at [./src/hotspot/share/classfile/systemDictionary.cpp, line 231]
Event: 11.949 Thread 0x000001feb697c800 Exception <a 'java/lang/ClassNotFoundException'{0x0000000088e102b0}: com/android/build/gradle/internal/api/ApkVariantOutputImpl_DecoratedBeanInfo> (0x0000000088e102b0) thrown at [./src/hotspot/share/classfile/systemDictionary.cpp, line 231]
Event: 11.950 Thread 0x000001feb697c800 Exception <a 'java/lang/ClassNotFoundException'{0x0000000088e29cd0}: com/android/build/gradle/internal/api/ApkVariantOutputImplBeanInfo> (0x0000000088e29cd0) thrown at [./src/hotspot/share/classfile/systemDictionary.cpp, line 231]
Event: 11.950 Thread 0x000001feb697c800 Exception <a 'java/lang/ClassNotFoundException'{0x0000000088e43ea0}: com/android/build/gradle/internal/api/BaseVariantOutputImplBeanInfo> (0x0000000088e43ea0) thrown at [./src/hotspot/share/classfile/systemDictionary.cpp, line 231]
Event: 11.951 Thread 0x000001feb697c800 Exception <a 'java/lang/ClassNotFoundException'{0x0000000088e5e0d8}: com/android/build/gradle/internal/api/BaseVariantOutputImplCustomizer> (0x0000000088e5e0d8) thrown at [./src/hotspot/share/classfile/systemDictionary.cpp, line 231]
Event: 11.955 Thread 0x000001feb697c800 Exception <a 'java/lang/ClassNotFoundException'{0x0000000088e8ac28}: com/android/build/gradle/internal/api/ApkVariantOutputImplCustomizer> (0x0000000088e8ac28) thrown at [./src/hotspot/share/classfile/systemDictionary.cpp, line 231]
Event: 11.957 Thread 0x000001feb697c800 Exception <a 'java/lang/ClassNotFoundException'{0x0000000088eb3900}: com/android/build/gradle/internal/api/ApkVariantOutputImpl_DecoratedCustomizer> (0x0000000088eb3900) thrown at [./src/hotspot/share/classfile/systemDictionary.cpp, line 231]
Event: 11.986 Thread 0x000001feb697c800 Exception <a 'java/lang/NoClassDefFoundError'{0x0000000088c19e70}: org/jetbrains/kotlin/gradle/plugin/KotlinBasePluginWrapper> (0x0000000088c19e70) thrown at [./src/hotspot/share/classfile/systemDictionary.cpp, line 220]
Event: 12.478 Thread 0x000001feb697c800 Exception <a 'sun/nio/fs/WindowsException'{0x0000000087f07648}> (0x0000000087f07648) thrown at [./src/hotspot/share/prims/jni.cpp, line 615]
Event: 12.479 Thread 0x000001feb697c800 Exception <a 'sun/nio/fs/WindowsException'{0x0000000087f07c10}> (0x0000000087f07c10) thrown at [./src/hotspot/share/prims/jni.cpp, line 615]
Event: 12.732 Thread 0x000001feb697c800 Exception <a 'java/lang/NullPointerException'{0x000000008fcd4dc0}> (0x000000008fcd4dc0) thrown at [./src/hotspot/share/interpreter/linkResolver.cpp, line 1440]
Event: 12.960 Thread 0x000001feb697c800 Implicit null exception at 0x000001fea407e190 to 0x000001fea407e928
Event: 13.266 Thread 0x000001feb697c800 Exception <a 'java/lang/NoSuchMethodError'{0x000000008ed64010}: 'int java.lang.invoke.DirectMethodHandle$Holder.invokeStatic(java.lang.Object, java.lang.Object, int, java.lang.Object)'> (0x000000008ed64010) thrown at [./src/hotspot/share/interpreter/linkResolver.cpp, line 773]
Event: 13.269 Thread 0x000001feb697c800 Exception <a 'java/lang/NoSuchMethodError'{0x000000008ed6aeb8}: 'java.lang.Object java.lang.invoke.Invokers$Holder.linkToTargetMethod(java.lang.Object, int, java.lang.Object)'> (0x000000008ed6aeb8) thrown at [./src/hotspot/share/interpreter/linkResolver.cpp, line 773]
Event: 13.358 Thread 0x000001feb697c800 Exception <a 'sun/nio/fs/WindowsException'{0x000000008ec96b90}> (0x000000008ec96b90) thrown at [./src/hotspot/share/prims/jni.cpp, line 615]
Event: 13.358 Thread 0x000001feb697c800 Exception <a 'sun/nio/fs/WindowsException'{0x000000008ec97c78}> (0x000000008ec97c78) thrown at [./src/hotspot/share/prims/jni.cpp, line 615]
Event: 13.358 Thread 0x000001feb697c800 Exception <a 'sun/nio/fs/WindowsException'{0x000000008ec98d98}> (0x000000008ec98d98) thrown at [./src/hotspot/share/prims/jni.cpp, line 615]
Event: 13.358 Thread 0x000001feb697c800 Exception <a 'sun/nio/fs/WindowsException'{0x000000008ec99eb8}> (0x000000008ec99eb8) thrown at [./src/hotspot/share/prims/jni.cpp, line 615]
Event: 14.176 Thread 0x000001feb697c800 Exception <a 'java/lang/NoSuchMethodError'{0x000000008d571cb0}: 'java.lang.Object java.lang.invoke.Invokers$Holder.linkToTargetMethod(java.lang.Object, int, int, java.lang.Object)'> (0x000000008d571cb0) thrown at [./src/hotspot/share/interpreter/linkResolver.cpp, line 773]
Event: 14.234 Thread 0x000001feb697c800 Implicit null exception at 0x000001fea40ad8dd to 0x000001fea40b0414

Events (20 events):
Event: 14.233 loading class com/android/build/gradle/tasks/ProcessApplicationManifest$sam$java_util_concurrent_Callable$0
Event: 14.233 loading class com/android/build/gradle/tasks/ProcessApplicationManifest$sam$java_util_concurrent_Callable$0 done
Event: 14.235 loading class com/android/build/gradle/tasks/ProcessApplicationManifest$CreationAction$configure$3
Event: 14.235 loading class com/android/build/gradle/tasks/ProcessApplicationManifest$CreationAction$configure$3 done
Event: 14.245 loading class com/android/build/gradle/tasks/CompatibleScreensManifest$CreationAction$configure$2
Event: 14.245 loading class com/android/build/gradle/tasks/CompatibleScreensManifest$CreationAction$configure$2 done
Event: 14.259 loading class com/android/build/gradle/internal/core/VariantSources$manifestOverlays$gatherManifest$1
Event: 14.259 loading class com/android/build/gradle/internal/core/VariantSources$manifestOverlays$gatherManifest$1 done
Event: 14.306 loading class com/android/build/gradle/internal/signing/SigningConfigProviderParams
Event: 14.306 loading class com/android/build/gradle/internal/signing/SigningConfigProviderParams done
Event: 14.310 loading class com/android/build/gradle/internal/signing/SigningConfigData$Companion
Event: 14.310 loading class com/android/build/gradle/internal/signing/SigningConfigData$Companion done
Event: 14.317 loading class com/android/ide/common/resources/AssetSet
Event: 14.317 loading class com/android/ide/common/resources/AssetSet done
Event: 14.327 loading class com/android/build/gradle/tasks/MergeSourceSetFolders$MergeAssetBaseCreationAction$configure$assetDirFunction$1
Event: 14.327 loading class com/android/build/gradle/tasks/MergeSourceSetFolders$MergeAssetBaseCreationAction$configure$assetDirFunction$1 done
Event: 14.328 loading class com/android/build/gradle/tasks/MergeSourceSetFolders$MergeAssetBaseCreationAction$configure$1
Event: 14.328 loading class com/android/build/gradle/tasks/MergeSourceSetFolders$MergeAssetBaseCreationAction$configure$1 done
Event: 14.330 loading class com/android/build/gradle/tasks/MergeSourceSetFolders$MergeAssetBaseCreationAction$configure$2
Event: 14.330 loading class com/android/build/gradle/tasks/MergeSourceSetFolders$MergeAssetBaseCreationAction$configure$2 done


Dynamic libraries:
0x00007ff7ac190000 - 0x00007ff7ac19a000 	C:\Program Files\Android\Android Studio2\jre\bin\java.exe
0x00007ffed0c20000 - 0x00007ffed0e27000 	C:\WINDOWS\SYSTEM32\ntdll.dll
0x00007ffed0050000 - 0x00007ffed010d000 	C:\WINDOWS\System32\KERNEL32.DLL
0x00007ffece340000 - 0x00007ffece6b4000 	C:\WINDOWS\System32\KERNELBASE.dll
0x00007ffece220000 - 0x00007ffece331000 	C:\WINDOWS\System32\ucrtbase.dll
0x00007ffec7090000 - 0x00007ffec70a9000 	C:\Program Files\Android\Android Studio2\jre\bin\jli.dll
0x00007ffebf430000 - 0x00007ffebf447000 	C:\Program Files\Android\Android Studio2\jre\bin\VCRUNTIME140.dll
0x00007ffecfe10000 - 0x00007ffecffbc000 	C:\WINDOWS\System32\USER32.dll
0x00007ffebcb20000 - 0x00007ffebcdc5000 	C:\WINDOWS\WinSxS\amd64_microsoft.windows.common-controls_6595b64144ccf1df_6.0.22000.120_none_9d947278b86cc467\COMCTL32.dll
0x00007ffecea10000 - 0x00007ffecea36000 	C:\WINDOWS\System32\win32u.dll
0x00007ffeceae0000 - 0x00007ffeceb83000 	C:\WINDOWS\System32\msvcrt.dll
0x00007ffecffc0000 - 0x00007ffecffe9000 	C:\WINDOWS\System32\GDI32.dll
0x00007ffece6c0000 - 0x00007ffece7d2000 	C:\WINDOWS\System32\gdi32full.dll
0x00007ffece180000 - 0x00007ffece21d000 	C:\WINDOWS\System32\msvcp_win.dll
0x00007ffecec80000 - 0x00007ffececb1000 	C:\WINDOWS\System32\IMM32.DLL
0x00007ffe92c60000 - 0x00007ffe92cfd000 	C:\Program Files\Android\Android Studio2\jre\bin\msvcp140.dll
0x00007ffe3ad70000 - 0x00007ffe3b83f000 	C:\Program Files\Android\Android Studio2\jre\bin\server\jvm.dll
0x00007ffececc0000 - 0x00007ffeced6e000 	C:\WINDOWS\System32\ADVAPI32.dll
0x00007ffed0a60000 - 0x00007ffed0afe000 	C:\WINDOWS\System32\sechost.dll
0x00007ffecfcf0000 - 0x00007ffecfe10000 	C:\WINDOWS\System32\RPCRT4.dll
0x00007ffed0180000 - 0x00007ffed0188000 	C:\WINDOWS\System32\PSAPI.DLL
0x00007ffec8960000 - 0x00007ffec8993000 	C:\WINDOWS\SYSTEM32\WINMM.dll
0x00007ffec89a0000 - 0x00007ffec89aa000 	C:\WINDOWS\SYSTEM32\VERSION.dll
0x00007ffebef50000 - 0x00007ffebef59000 	C:\WINDOWS\SYSTEM32\WSOCK32.dll
0x00007ffeced70000 - 0x00007ffeceddf000 	C:\WINDOWS\System32\WS2_32.dll
0x00007ffecd300000 - 0x00007ffecd318000 	C:\WINDOWS\SYSTEM32\kernel.appcore.dll
0x00007ffebdd00000 - 0x00007ffebdd11000 	C:\Program Files\Android\Android Studio2\jre\bin\verify.dll
0x00007ffec3310000 - 0x00007ffec3531000 	C:\WINDOWS\SYSTEM32\DBGHELP.DLL
0x00007ffebdf90000 - 0x00007ffebdfc1000 	C:\WINDOWS\SYSTEM32\dbgcore.DLL
0x00007ffecea40000 - 0x00007ffeceabf000 	C:\WINDOWS\System32\bcryptPrimitives.dll
0x00007ffe93060000 - 0x00007ffe93089000 	C:\Program Files\Android\Android Studio2\jre\bin\java.dll
0x00007ffebf4f0000 - 0x00007ffebf4fb000 	C:\Program Files\Android\Android Studio2\jre\bin\jimage.dll
0x00007ffe91c10000 - 0x00007ffe91c28000 	C:\Program Files\Android\Android Studio2\jre\bin\zip.dll
0x00007ffed0190000 - 0x00007ffed093e000 	C:\WINDOWS\System32\SHELL32.dll
0x00007ffecc290000 - 0x00007ffeccaf7000 	C:\WINDOWS\SYSTEM32\windows.storage.dll
0x00007ffecf5b0000 - 0x00007ffecf928000 	C:\WINDOWS\System32\combase.dll
0x00007ffecc120000 - 0x00007ffecc286000 	C:\WINDOWS\SYSTEM32\wintypes.dll
0x00007ffecfad0000 - 0x00007ffecfbba000 	C:\WINDOWS\System32\SHCORE.dll
0x00007ffecfbc0000 - 0x00007ffecfc1d000 	C:\WINDOWS\System32\shlwapi.dll
0x00007ffece040000 - 0x00007ffece061000 	C:\WINDOWS\SYSTEM32\profapi.dll
0x00007ffe91bf0000 - 0x00007ffe91c0a000 	C:\Program Files\Android\Android Studio2\jre\bin\net.dll
0x00007ffec8810000 - 0x00007ffec891c000 	C:\WINDOWS\SYSTEM32\WINHTTP.dll
0x00007ffecd730000 - 0x00007ffecd797000 	C:\WINDOWS\system32\mswsock.dll
0x00007ffe91bd0000 - 0x00007ffe91be4000 	C:\Program Files\Android\Android Studio2\jre\bin\nio.dll
0x00007ffeb0cd0000 - 0x00007ffeb0cf7000 	C:\Users\spabb\.gradle\native\8bec1ad78214c89d9ad589b4d07fe93259594b29d510b10fafb7a158f7737e5d\windows-amd64\native-platform.dll
0x00007ffe8b920000 - 0x00007ffe8ba5d000 	C:\Users\spabb\.gradle\native\53dbd7edfb1c66fb8903c78663c9afc45aea4f116125fa6feffd364cf09443e8\windows-amd64\native-platform-file-events.dll
0x00007ffebf420000 - 0x00007ffebf42a000 	C:\Program Files\Android\Android Studio2\jre\bin\management.dll
0x00007ffebf350000 - 0x00007ffebf35c000 	C:\Program Files\Android\Android Studio2\jre\bin\management_ext.dll
0x00007ffecd980000 - 0x00007ffecd998000 	C:\WINDOWS\SYSTEM32\CRYPTSP.dll
0x00007ffecd260000 - 0x00007ffecd295000 	C:\WINDOWS\system32\rsaenh.dll
0x00007ffecd820000 - 0x00007ffecd849000 	C:\WINDOWS\SYSTEM32\USERENV.dll
0x00007ffecdaf0000 - 0x00007ffecdb17000 	C:\WINDOWS\SYSTEM32\bcrypt.dll
0x00007ffecd970000 - 0x00007ffecd97c000 	C:\WINDOWS\SYSTEM32\CRYPTBASE.dll
0x00007ffecce30000 - 0x00007ffecce5d000 	C:\WINDOWS\SYSTEM32\IPHLPAPI.DLL
0x00007ffecf520000 - 0x00007ffecf529000 	C:\WINDOWS\System32\NSI.dll
0x00007ffec8550000 - 0x00007ffec8569000 	C:\WINDOWS\SYSTEM32\dhcpcsvc6.DLL
0x00007ffec8e40000 - 0x00007ffec8e5e000 	C:\WINDOWS\SYSTEM32\dhcpcsvc.DLL
0x00007ffecce60000 - 0x00007ffeccf47000 	C:\WINDOWS\SYSTEM32\DNSAPI.dll

dbghelp: loaded successfully - version: 4.0.5 - missing functions: none
symbol engine: initialized successfully - sym options: 0x614 - pdb path: .;C:\Program Files\Android\Android Studio2\jre\bin;C:\WINDOWS\SYSTEM32;C:\WINDOWS\WinSxS\amd64_microsoft.windows.common-controls_6595b64144ccf1df_6.0.22000.120_none_9d947278b86cc467;C:\Program Files\Android\Android Studio2\jre\bin\server;C:\Users\spabb\.gradle\native\8bec1ad78214c89d9ad589b4d07fe93259594b29d510b10fafb7a158f7737e5d\windows-amd64;C:\Users\spabb\.gradle\native\53dbd7edfb1c66fb8903c78663c9afc45aea4f116125fa6feffd364cf09443e8\windows-amd64

VM Arguments:
jvm_args: --add-opens=java.base/java.util=ALL-UNNAMED --add-opens=java.base/java.lang=ALL-UNNAMED --add-opens=java.base/java.lang.invoke=ALL-UNNAMED --add-opens=java.base/java.util=ALL-UNNAMED --add-opens=java.prefs/java.util.prefs=ALL-UNNAMED --add-opens=java.prefs/java.util.prefs=ALL-UNNAMED --add-opens=java.base/java.nio.charset=ALL-UNNAMED --add-opens=java.base/java.net=ALL-UNNAMED --add-opens=java.base/java.util.concurrent.atomic=ALL-UNNAMED -Xmx2048m -Dfile.encoding=UTF-8 -Duser.country=US -Duser.language=en -Duser.variant 
java_command: org.gradle.launcher.daemon.bootstrap.GradleDaemon 7.0.2
java_class_path (initial): C:\Users\spabb\.gradle\wrapper\dists\gradle-7.0.2-bin\857tjihv64xamwrf0h14cai3r\gradle-7.0.2\lib\gradle-launcher-7.0.2.jar
Launcher Type: SUN_STANDARD

[Global flags]
     intx CICompilerCount                          = 4                                         {product} {ergonomic}
     uint ConcGCThreads                            = 3                                         {product} {ergonomic}
     uint G1ConcRefinementThreads                  = 10                                        {product} {ergonomic}
   size_t G1HeapRegionSize                         = 1048576                                   {product} {ergonomic}
    uintx GCDrainStackTargetSize                   = 64                                        {product} {ergonomic}
   size_t InitialHeapSize                          = 266338304                                 {product} {ergonomic}
   size_t MarkStackSize                            = 4194304                                   {product} {ergonomic}
   size_t MaxHeapSize                              = 2147483648                                {product} {command line}
   size_t MaxNewSize                               = 1287651328                                {product} {ergonomic}
   size_t MinHeapDeltaBytes                        = 1048576                                   {product} {ergonomic}
    uintx NonNMethodCodeHeapSize                   = 5836300                                {pd product} {ergonomic}
    uintx NonProfiledCodeHeapSize                  = 122910970                              {pd product} {ergonomic}
    uintx ProfiledCodeHeapSize                     = 122910970                              {pd product} {ergonomic}
    uintx ReservedCodeCacheSize                    = 251658240                              {pd product} {ergonomic}
     bool SegmentedCodeCache                       = true                                      {product} {ergonomic}
     bool UseCompressedClassPointers               = true                                 {lp64_product} {ergonomic}
     bool UseCompressedOops                        = true                                 {lp64_product} {ergonomic}
     bool UseG1GC                                  = true                                      {product} {ergonomic}
     bool UseLargePagesIndividualAllocation        = false                                  {pd product} {ergonomic}

Logging:
Log output configuration:
 #0: stdout all=warning uptime,level,tags
 #1: stderr all=off uptime,level,tags

Environment Variables:
PATH=C:\Program Files (x86)\Common Files\Intel\Shared Libraries\redist\intel64_win\compiler;C:\Program Files (x86)\Common Files\Oracle\Java\javapath;C:\Program Files (x86)\Intel\Intel(R) Management Engine Components\iCLS\;C:\Program Files\Intel\Intel(R) Management Engine Components\iCLS\;C:\Windows\system32;C:\Windows;C:\Windows\System32\Wbem;C:\Windows\System32\WindowsPowerShell\v1.0\;C:\Windows\System32\OpenSSH\;C:\Program Files (x86)\Intel\Intel(R) Management Engine Components\DAL;C:\Program Files\Intel\Intel(R) Management Engine Components\DAL;C:\Program Files (x86)\Intel\Intel(R) Management Engine Components\IPT;C:\Program Files\Intel\Intel(R) Management Engine Components\IPT;C:\Program Files (x86)\NVIDIA Corporation\PhysX\Common;C:\Program Files\Intel\WiFi\bin\;C:\Program Files\Common Files\Intel\WirelessCommon\;C:\WINDOWS\system32;C:\WINDOWS;C:\WINDOWS\System32\Wbem;C:\WINDOWS\System32\WindowsPowerShell\v1.0\;C:\WINDOWS\System32\OpenSSH\;C:\Program Files\NVIDIA Corporation\NVIDIA NvDLISR;C:\Program Files\nodejs\;C:\WINDOWS\system32;C:\WINDOWS;C:\WINDOWS\System32\Wbem;C:\WINDOWS\System32\WindowsPowerShell\v1.0\;C:\WINDOWS\System32\OpenSSH\;C:\Program Files\dotnet\;C:\Program Files (x86)\dotnet\;C:\Users\spabb\AppData\Local\Mu\bin;C:\Users\spabb\AppData\Local\Programs\Python\Python36\Scripts\;C:\Users\spabb\AppData\Local\Programs\Python\Python36\;C:\Users\spabb\AppData\Local\Microsoft\WindowsApps;C:\Program Files\Java\jdk-13\bin;C:\Users\spabb\AppData\Roaming\npm;C:\Users\spabb\.dotnet\tools;C:\Users\spabb\AppData\Local\Microsoft\WindowsApps;;C:\Users\spabb\AppData\Local\Programs\Microsoft VS Code\bin
USERNAME=spabb
OS=Windows_NT
PROCESSOR_IDENTIFIER=Intel64 Family 6 Model 158 Stepping 10, GenuineIntel



---------------  S Y S T E M  ---------------

OS: Windows 10 , 64 bit Build 22000 (10.0.22000.434)
OS uptime: 7 days 7:45 hours

CPU:total 12 (initial active 12) (6 cores per cpu, 2 threads per core) family 6 model 158 stepping 10 microcode 0xde, cmov, cx8, fxsr, mmx, sse, sse2, sse3, ssse3, sse4.1, sse4.2, popcnt, avx, avx2, aes, clmul, erms, 3dnowpref, lzcnt, ht, tsc, tscinvbit, bmi1, bmi2, adx, fma

Memory: 4k page, system-wide physical 16229M (513M free)
TotalPageFile size 26229M (AvailPageFile size 7M)
current process WorkingSet (physical memory assigned to process): 448M, peak: 451M
current process commit charge ("private bytes"): 538M, peak: 542M

vm_info: OpenJDK 64-Bit Server VM (11.0.10+0-b96-7249189) for windows-amd64 JRE (11.0.10+0-b96-7249189), built on Mar 31 2021 21:44:00 by "builder" with MS VC++ 14.0 (VS2015)

END.
